#
# A fatal error has been detected by the Java Runtime Environment:
#
#  SIGSEGV (0xb) at pc=0x00007ff802b9841d, pid=56492, tid=259
#
# JRE version: Java(TM) SE Runtime Environment (21.0+35) (build 21+35-LTS-2513)
# Java VM: Java HotSpot(TM) 64-Bit Server VM (21+35-LTS-2513, mixed mode, sharing, tiered, compressed oops, compressed class ptrs, g1 gc, bsd-amd64)
# Problematic frame:
# C  [libobjc.A.dylib+0x641d]  objc_msgSend+0x1d
#
# No core dump will be written. Core dumps have been disabled. To enable core dumping, try "ulimit -c unlimited" before starting Java again
#
# If you would like to submit a bug report, please visit:
#   https://bugreport.java.com/bugreport/crash.jsp
# The crash happened outside the Java Virtual Machine in native code.
# See problematic frame for where to report the bug.
#

---------------  S U M M A R Y ------------

Command Line: -Dfile.encoding=UTF-8 --module-path=/Users/raani/Desktop/java_mini_project/RV Hotel Management/build/classes rv.hotel.management.Checkout

Host: "MacBookAir7,2" x86_64 1800 MHz, 4 cores, 8G, Darwin 21.6.0, macOS 12.6.8 (21G725)
Time: Sat Nov  4 20:01:37 2023 IST elapsed time: 2.481912 seconds (0d 0h 0m 2s)

---------------  T H R E A D  ---------------

Current thread (0x00007fddfa02e600):  JavaThread "AppKit Thread" daemon [_thread_in_native, id=259, stack(0x00007ff7b18d5000,0x00007ff7b20d5000) (8192K)]

Stack: [0x00007ff7b18d5000,0x00007ff7b20d5000],  sp=0x00007ff7b20cefc8,  free space=8167k
Native frames: (J=compiled Java code, j=interpreted, Vv=VM code, C=native code)
C  [libobjc.A.dylib+0x641d]  objc_msgSend+0x1d
j  sun.java2d.metal.MTLLayer.blitTexture(J)V+0 java.desktop@21
j  sun.java2d.metal.MTLLayer.lambda$drawInMTLContext$4(J)V+1 java.desktop@21
j  sun.java2d.metal.MTLLayer$$Lambda+0x000000012f1ef8d0.run(J)V+1 java.desktop@21
j  sun.lwawt.macosx.CFRetainedResource.execute(Lsun/lwawt/macosx/CFRetainedResource$CFNativeAction;)V+23 java.desktop@21
j  sun.java2d.metal.MTLLayer.drawInMTLContext()V+14 java.desktop@21
v  ~StubRoutines::call_stub 0x0000000125ea4cc6
V  [libjvm.dylib+0x5ab7c4]  JavaCalls::call_helper(JavaValue*, methodHandle const&, JavaCallArguments*, JavaThread*)+0x2b4
V  [libjvm.dylib+0x6154cf]  jni_invoke_nonstatic(JNIEnv_*, JavaValue*, _jobject*, JNICallType, _jmethodID*, JNI_ArgumentPusher*, JavaThread*)+0x34f
V  [libjvm.dylib+0x61a31b]  jni_CallVoidMethod+0x18b
C  [libawt_lwawt.dylib+0x775d6]  -[MTLLayer blitCallback]+0x296
C  [libawt_lwawt.dylib+0x7770f]  -[MTLLayer display]+0x5f
C  [QuartzCore+0x21a07]  CA::Layer::display_if_needed(CA::Transaction*)+0x369
C  [QuartzCore+0x1792aa]  CA::Context::commit_transaction(CA::Transaction*, double, double*)+0x280
C  [QuartzCore+0x2e6d]  CA::Transaction::commit()+0x309
C  [AppKit+0x1ab191]  __62+[CATransaction(NSCATransaction) NS_setFlushesWithDisplayLink]_block_invoke+0x11d
C  [AppKit+0x8f2f1c]  ___NSRunLoopObserverCreateWithHandler_block_invoke+0x29
C  [CoreFoundation+0x7f500]  __CFRUNLOOP_IS_CALLING_OUT_TO_AN_OBSERVER_CALLBACK_FUNCTION__+0x17
C  [CoreFoundation+0x7f392]  __CFRunLoopDoObservers+0x21f
C  [CoreFoundation+0x7e824]  __CFRunLoopRun+0x348
C  [CoreFoundation+0x7de1c]  CFRunLoopRunSpecific+0x232
C  [HIToolbox+0x2e5e6]  RunCurrentEventLoopInMode+0x124
C  [HIToolbox+0x2e34a]  ReceiveNextEventCommon+0x252
C  [HIToolbox+0x2e0e5]  _BlockUntilNextEventMatchingListInModeWithFilter+0x46
C  [AppKit+0x3ef6d]  _DPSNextEvent+0x39f
C  [AppKit+0x3d62a]  -[NSApplication(NSEvent) _nextEventMatchingEventMask:untilDate:inMode:dequeue:]+0x572
C  [libosxapp.dylib+0x45aa]  -[NSApplicationAWT nextEventMatchingMask:untilDate:inMode:dequeue:]+0x7a
C  [AppKit+0x2fcd9]  -[NSApplication run]+0x24a
C  [libosxapp.dylib+0x4379]  +[NSApplicationAWT runAWTLoopWithApp:]+0xa9
C  [libawt_lwawt.dylib+0x6f650]  +[AWTStarter starter:headless:]+0x1f0
C  [libosxapp.dylib+0x604f]  +[ThreadUtilities invokeBlockCopy:]+0xf
C  [Foundation+0x81517]  __NSThreadPerformPerform+0xb3
C  [CoreFoundation+0x8015b]  __CFRUNLOOP_IS_CALLING_OUT_TO_A_SOURCE0_PERFORM_FUNCTION__+0x11
C  [CoreFoundation+0x800c3]  __CFRunLoopDoSource0+0xb4
C  [CoreFoundation+0x7fe3d]  __CFRunLoopDoSources0+0xf2
C  [CoreFoundation+0x7e858]  __CFRunLoopRun+0x37c
C  [CoreFoundation+0x7de1c]  CFRunLoopRunSpecific+0x232
C  [libjli.dylib+0x6ee2]  CreateExecutionEnvironment+0x182
C  [libjli.dylib+0x28bd]  JLI_Launch+0x54d
C  [java+0x3c17]  main+0x187
C  0x000000011658d52e
Java frames: (J=compiled Java code, j=interpreted, Vv=VM code)
j  sun.java2d.metal.MTLLayer.blitTexture(J)V+0 java.desktop@21
j  sun.java2d.metal.MTLLayer.lambda$drawInMTLContext$4(J)V+1 java.desktop@21
j  sun.java2d.metal.MTLLayer$$Lambda+0x000000012f1ef8d0.run(J)V+1 java.desktop@21
j  sun.lwawt.macosx.CFRetainedResource.execute(Lsun/lwawt/macosx/CFRetainedResource$CFNativeAction;)V+23 java.desktop@21
j  sun.java2d.metal.MTLLayer.drawInMTLContext()V+14 java.desktop@21
v  ~StubRoutines::call_stub 0x0000000125ea4cc6

siginfo: si_signo: 11 (SIGSEGV), si_code: 1 (SEGV_MAPERR), si_addr: 0x0000000000000018

Registers:
RAX=0x00007fddfa900800, RBX=0x0000600000ee4930, RCX=0x00007fddfa0090b8, RDX=0x0000000000000000
RSP=0x00007ff7b20cefc8, RBP=0x00007ff7b20cf0b0, RSI=0x00007ff81d157206, RDI=0x00007fddfa900800
R8 =0x00007fddfa009038, R9 =0xfffeffffffffffff, R10=0x0000000000000000, R11=0x00007ff81d157206
R12=0x00007ff81d1a09a8, R13=0x000000016fdc77a8, R14=0x00007ff802b98400, R15=0x00007ff81d14bf39
RIP=0x00007ff802b9841d, EFLAGS=0x0000000000010246, ERR=0x0000000000000004
  TRAPNO=0x000000000000000e


Register to memory mapping:

RAX=0x00007fddfa900800 points into unknown readable memory: 0x0000000000000000 | 00 00 00 00 00 00 00 00
RBX=0x0000600000ee4930 points into unknown readable memory: 0x013d80010eea5841 | 41 58 ea 0e 01 80 3d 01
RCX=0x00007fddfa0090b8 points into unknown readable memory: 0xa3a3a3a3a3a3a3a3 | a3 a3 a3 a3 a3 a3 a3 a3
RDX=0x0 is null
RSP=0x00007ff7b20cefc8 is pointing into the stack for thread: 0x00007fddfa02e600
RBP=0x00007ff7b20cf0b0 is pointing into the stack for thread: 0x00007fddfa02e600
RSI=0x00007ff81d157206 points into unknown readable memory: 77 69
RDI=0x00007fddfa900800 points into unknown readable memory: 0x0000000000000000 | 00 00 00 00 00 00 00 00
R8 =0x00007fddfa009038 points into unknown readable memory: 0x0000000000000000 | 00 00 00 00 00 00 00 00
R9 =0xfffeffffffffffff is an unknown value
R10=0x0 is null
R11=0x00007ff81d157206 points into unknown readable memory: 77 69
R12=0x00007ff81d1a09a8 points into unknown readable memory: 0x74616c7000787463 | 63 74 78 00 70 6c 61 74
R13={method} {0x000000016fdc77a8} 'blitTexture' '(J)V' in 'sun/java2d/metal/MTLLayer'
R14=0x00007ff802b98400: objc_msgSend+0 in /usr/lib/libobjc.A.dylib at 0x00007ff802b92000
R15=0x00007ff81d14bf39 points into unknown readable memory: 62 75 66 66 65 72 00

Top of Stack: (sp=0x00007ff7b20cefc8)
0x00007ff7b20cefc8:   000000010ee40e52 00007ff7b20cf140
0x00007ff7b20cefd8:   00007fddfa02e600 00007ff7b20cf0b0
0x00007ff7b20cefe8:   00007ff802b98f9b 000000010eea5840
0x00007ff7b20ceff8:   0000000000000030 00000000000028e0
0x00007ff7b20cf008:   000000010eea21c0 0000600000ee4930
0x00007ff7b20cf018:   000000010ee75d1c 0000600000ee4930
0x00007ff7b20cf028:   00007ff802b98400 00007fddf9b06960
0x00007ff7b20cf038:   00007fddf9b06d38 ffffffffffffffff
0x00007ff7b20cf048:   000000000000ffff 0000000000000000
0x00007ff7b20cf058:   0000000000000000 0000000500000005
0x00007ff7b20cf068:   0000000500000005 00007fddfa0090b0
0x00007ff7b20cf078:   0000000100000001 0000000100000001
0x00007ff7b20cf088:   000000016fdc77a8 0000000000000000
0x00007ff7b20cf098:   000000016fdc77a8 00007ff7b20cf140
0x00007ff7b20cf0a8:   00007fddfa02e600 00007ff7b20cf118
0x00007ff7b20cf0b8:   0000000125eb0980 000000016fdc77a8
0x00007ff7b20cf0c8:   0000000125eb061f 00007ff7b20cf0d0
0x00007ff7b20cf0d8:   000000016fdc77a8 0000000000000005
0x00007ff7b20cf0e8:   000000016fdc9070 0000000000000000
0x00007ff7b20cf0f8:   0000000786f00170 000000016fdc77a8
0x00007ff7b20cf108:   0000000000000000 00007ff7b20cf138
0x00007ff7b20cf118:   00007ff7b20cf190 0000000125eac362
0x00007ff7b20cf128:   0000000786f00170 0000000125eadf97
0x00007ff7b20cf138:   0000600000ee4930 0000000000000000
0x00007ff7b20cf148:   00007ff7b20cf148 000000016fdc7fa1
0x00007ff7b20cf158:   0000000000000003 000000016fdc9070
0x00007ff7b20cf168:   0000000000000000 0000000786f00170
0x00007ff7b20cf178:   000000016fdc7fb8 00007ff7b20cf138
0x00007ff7b20cf188:   00007ff7b20cf1a0 00007ff7b20cf1f8
0x00007ff7b20cf198:   0000000125eac362 0000600000ee4930
0x00007ff7b20cf1a8:   0000000000000000 00007ff7b20cf1b0
0x00007ff7b20cf1b8:   000000016fc64b99 0000000000000004 

Instructions: (pc=0x00007ff802b9841d)
0x00007ff802b9831d:   90 90 90 90 90 90 90 90 90 90 90 90 90 90 90 90
0x00007ff802b9832d:   90 90 90 90 90 90 90 90 90 90 90 90 90 90 90 90
0x00007ff802b9833d:   90 90 90 31 c0 31 d2 0f 57 c0 0f 57 c9 c3 90 d9
0x00007ff802b9834d:   ee 31 c0 31 d2 0f 57 c0 0f 57 c9 c3 0f 1f 00 d9
0x00007ff802b9835d:   ee d9 ee 31 c0 31 d2 0f 57 c0 0f 57 c9 c3 90 48
0x00007ff802b9836d:   89 f8 c3 49 89 fa 49 89 f3 45 23 5a 18 49 c1 e3
0x00007ff802b9837d:   04 4d 03 5a 10 49 3b 33 75 0e 49 8b 43 08 48 83
0x00007ff802b9838d:   f8 00 74 03 4c 31 d0 c3 49 83 3b 01 76 17 49 83
0x00007ff802b9839d:   c3 10 49 3b 33 75 f1 49 8b 43 08 48 83 f8 00 74
0x00007ff802b983ad:   03 4c 31 d0 c3 72 25 4d 8b 5b 08 eb 0a 49 83 3b
0x00007ff802b983bd:   01 76 17 49 83 c3 10 49 3b 33 75 f1 49 8b 43 08
0x00007ff802b983cd:   48 83 f8 00 74 03 4c 31 d0 c3 eb 00 31 c0 c3 66
0x00007ff802b983dd:   66 66 66 66 66 2e 0f 1f 84 00 00 00 00 00 66 66
0x00007ff802b983ed:   66 66 66 66 2e 0f 1f 84 00 00 00 00 00 66 0f 1f
0x00007ff802b983fd:   44 00 00 48 85 ff 2e 74 72 40 f6 c7 01 2e 75 76
0x00007ff802b9840d:   49 ba f8 ff ff ff ff 7f 00 00 4c 23 17 49 89 f3
0x00007ff802b9841d:   45 23 5a 18 49 c1 e3 04 4d 03 5a 10 49 3b 33 75
0x00007ff802b9842d:   0a 4d 8b 5b 08 4d 31 d3 41 ff e3 49 83 3b 01 76
0x00007ff802b9843d:   13 49 83 c3 10 49 3b 33 75 f1 4d 8b 5b 08 4d 31
0x00007ff802b9844d:   d3 41 ff e3 72 70 4d 8b 5b 08 eb 0a 49 83 3b 01
0x00007ff802b9845d:   76 13 49 83 c3 10 49 3b 33 75 f1 4d 8b 5b 08 4d
0x00007ff802b9846d:   31 d3 41 ff e3 eb 4f 0f 1f 40 00 31 c0 31 d2 0f
0x00007ff802b9847d:   57 c0 0f 57 c9 c3 41 89 fb 41 83 e3 0f 4c 8d 15
0x00007ff802b9848d:   2f af 89 41 4f 8b 14 da 4c 8d 1d fc ad 89 41 4d
0x00007ff802b9849d:   39 d3 0f 85 75 ff ff ff 41 89 fb 41 c1 eb 04 41
0x00007ff802b984ad:   81 e3 ff 00 00 00 4c 8d 15 86 af 89 41 4f 8b 14
0x00007ff802b984bd:   da e9 57 ff ff ff e9 88 0a 00 00 66 66 66 66 66
0x00007ff802b984cd:   66 2e 0f 1f 84 00 00 00 00 00 66 66 66 66 66 66
0x00007ff802b984dd:   2e 0f 1f 84 00 00 00 00 00 66 66 66 66 66 66 2e
0x00007ff802b984ed:   0f 1f 84 00 00 00 00 00 66 66 2e 0f 1f 84 00 00
0x00007ff802b984fd:   00 00 00 48 85 ff 2e 74 6a 40 f6 c7 01 2e 75 6b
0x00007ff802b9850d:   49 ba f8 ff ff ff ff 7f 00 00 4c 23 17 49 89 f3 


Stack slot to memory mapping:

stack at sp + 0 slots: 0x000000010ee40e52: -[MTLLayer blitTexture]+0xc2 in /Library/Java/JavaVirtualMachines/jdk-21.jdk/Contents/Home/lib/libawt_lwawt.dylib at 0x000000010edca000
stack at sp + 1 slots: 0x00007ff7b20cf140 is pointing into the stack for thread: 0x00007fddfa02e600
stack at sp + 2 slots: 0x00007fddfa02e600 is a thread
stack at sp + 3 slots: 0x00007ff7b20cf0b0 is pointing into the stack for thread: 0x00007fddfa02e600
stack at sp + 4 slots: 0x00007ff802b98f9b: _objc_msgSend_uncached+0x4b in /usr/lib/libobjc.A.dylib at 0x00007ff802b92000
stack at sp + 5 slots: 0x000000010eea5840: OBJC_CLASS_$_MTLLayer+0 in /Library/Java/JavaVirtualMachines/jdk-21.jdk/Contents/Home/lib/libawt_lwawt.dylib at 0x000000010edca000
stack at sp + 6 slots: 0x0000000000000030 is an unknown value
stack at sp + 7 slots: 0x00000000000028e0 is an unknown value


---------------  P R O C E S S  ---------------

Threads class SMR info:
_java_thread_list=0x0000600002559fc0, length=17, elements={
0x00007fddf8808800, 0x00007fddfa80e600, 0x00007fddfa02b000, 0x00007fddf9028800,
0x00007fddfa02b800, 0x00007fddfa02f400, 0x00007fddfa02fc00, 0x00007fddfa80ee00,
0x00007fddfa02d200, 0x00007fddfa02de00, 0x00007fddfa02e600, 0x00007fddf90e3e00,
0x00007fddfa0e1c00, 0x00007fddfa0e2400, 0x00007fddf8913e00, 0x00007fddfa8d0e00,
0x00007fddf91c2200
}

Java Threads: ( => current thread )
  0x00007fddf8808800 JavaThread "main"                              [_thread_in_native, id=5635, stack(0x000070000b966000,0x000070000ba66000) (1024K)]
  0x00007fddfa80e600 JavaThread "Reference Handler"          daemon [_thread_blocked, id=42755, stack(0x000070000c284000,0x000070000c384000) (1024K)]
  0x00007fddfa02b000 JavaThread "Finalizer"                  daemon [_thread_blocked, id=22275, stack(0x000070000c387000,0x000070000c487000) (1024K)]
  0x00007fddf9028800 JavaThread "Signal Dispatcher"          daemon [_thread_blocked, id=42243, stack(0x000070000c48a000,0x000070000c58a000) (1024K)]
  0x00007fddfa02b800 JavaThread "Service Thread"             daemon [_thread_blocked, id=23043, stack(0x000070000c58d000,0x000070000c68d000) (1024K)]
  0x00007fddfa02f400 JavaThread "Monitor Deflation Thread"   daemon [_thread_blocked, id=41731, stack(0x000070000c690000,0x000070000c790000) (1024K)]
  0x00007fddfa02fc00 JavaThread "C2 CompilerThread0"         daemon [_thread_blocked, id=41475, stack(0x000070000c793000,0x000070000c893000) (1024K)]
  0x00007fddfa80ee00 JavaThread "C1 CompilerThread0"         daemon [_thread_blocked, id=40963, stack(0x000070000c896000,0x000070000c996000) (1024K)]
  0x00007fddfa02d200 JavaThread "Common-Cleaner"             daemon [_thread_blocked, id=23555, stack(0x000070000c999000,0x000070000ca99000) (1024K)]
  0x00007fddfa02de00 JavaThread "Notification Thread"        daemon [_thread_blocked, id=40451, stack(0x000070000ca9c000,0x000070000cb9c000) (1024K)]
=>0x00007fddfa02e600 JavaThread "AppKit Thread"              daemon [_thread_in_native, id=259, stack(0x00007ff7b18d5000,0x00007ff7b20d5000) (8192K)]
  0x00007fddf90e3e00 JavaThread "AWT-Shutdown"                      [_thread_blocked, id=29443, stack(0x000070000cb9f000,0x000070000cc9f000) (1024K)]
  0x00007fddfa0e1c00 JavaThread "Java2D Queue Flusher"       daemon [_thread_blocked, id=76551, stack(0x000070000ceae000,0x000070000cfae000) (1024K)]
  0x00007fddfa0e2400 JavaThread "Java2D Disposer"            daemon [_thread_blocked, id=75267, stack(0x000070000cfb1000,0x000070000d0b1000) (1024K)]
  0x00007fddf8913e00 JavaThread "AWT-EventQueue-0"                  [_thread_blocked, id=54795, stack(0x000070000d0b4000,0x000070000d1b4000) (1024K)]
  0x00007fddfa8d0e00 JavaThread "mysql-cj-abandoned-connection-cleanup" daemon [_thread_blocked, id=55051, stack(0x000070000d1b7000,0x000070000d2b7000) (1024K)]
  0x00007fddf91c2200 JavaThread "Image Fetcher 0"            daemon [_thread_blocked, id=56067, stack(0x000070000d5c3000,0x000070000d6c3000) (1024K)]
Total: 17

Other Threads:
  0x00007fddf9a09020 VMThread "VM Thread"                           [id=15363, stack(0x000070000c07b000,0x000070000c17b000) (1024K)]
  0x00007fddf9b05070 WatcherThread "VM Periodic Task Thread"        [id=18947, stack(0x000070000bf78000,0x000070000c078000) (1024K)]
  0x00007fddf9a06310 WorkerThread "GC Thread#0"                     [id=20739, stack(0x000070000ba69000,0x000070000bb69000) (1024K)]
  0x00007fddf8737010 WorkerThread "GC Thread#1"                     [id=70663, stack(0x000070000d2ba000,0x000070000d3ba000) (1024K)]
  0x00007fddf9b32ff0 WorkerThread "GC Thread#2"                     [id=55555, stack(0x000070000d3bd000,0x000070000d4bd000) (1024K)]
  0x00007fddf9b33560 WorkerThread "GC Thread#3"                     [id=55811, stack(0x000070000d4c0000,0x000070000d5c0000) (1024K)]
  0x00007fddf8704ba0 ConcurrentGCThread "G1 Main Marker"            [id=13059, stack(0x000070000bb6c000,0x000070000bc6c000) (1024K)]
  0x00007fddf8705510 WorkerThread "G1 Conc#0"                       [id=13571, stack(0x000070000bc6f000,0x000070000bd6f000) (1024K)]
  0x00007fddfa00aa00 ConcurrentGCThread "G1 Refine#0"               [id=14083, stack(0x000070000bd72000,0x000070000be72000) (1024K)]
  0x00007fddf9a07880 ConcurrentGCThread "G1 Service"                [id=19715, stack(0x000070000be75000,0x000070000bf75000) (1024K)]
Total: 10

Threads with active compile tasks:
Total: 0

VM state: not at safepoint (normal execution)

VM Mutex/Monitor currently owned by a thread: None

Heap address: 0x0000000780000000, size: 2048 MB, Compressed Oops mode: Zero based, Oop shift amount: 3

CDS archive(s) mapped at: [0x000000012e000000-0x000000012eca4000-0x000000012eca4000), size 13254656, SharedBaseAddress: 0x000000012e000000, ArchiveRelocationMode: 1.
Compressed class space mapped at: 0x000000012f000000-0x000000016f000000, reserved size: 1073741824
Narrow klass base: 0x000000012e000000, Narrow klass shift: 0, Narrow klass range: 0x100000000

GC Precious Log:
 CardTable entry size: 512
 Card Set container configuration: InlinePtr #cards 5 size 8 Array Of Cards #cards 12 size 40 Howl #buckets 4 coarsen threshold 1843 Howl Bitmap #cards 512 size 80 coarsen threshold 460 Card regions per heap region 1 cards per card region 2048
 CPUs: 4 total, 4 available
 Memory: 8192M
 Large Page Support: Disabled
 NUMA Support: Disabled
 Compressed Oops: Enabled (Zero based)
 Heap Region Size: 1M
 Heap Min Capacity: 8M
 Heap Initial Capacity: 128M
 Heap Max Capacity: 2G
 Pre-touch: Disabled
 Parallel Workers: 4
 Concurrent Workers: 1
 Concurrent Refinement Workers: 4
 Periodic GC: Disabled

Heap:
 garbage-first heap   total 133120K, used 15706K [0x0000000780000000, 0x0000000800000000)
  region size 1024K, 3 young (3072K), 2 survivors (2048K)
 Metaspace       used 15763K, committed 16000K, reserved 1114112K
  class space    used 1739K, committed 1856K, reserved 1048576K

Heap Regions: E=young(eden), S=young(survivor), O=old, HS=humongous(starts), HC=humongous(continues), CS=collection set, F=free, TAMS=top-at-mark-start, PB=parsable bottom
|   0|0x0000000780000000, 0x0000000780100000, 0x0000000780100000|100%| O|  |TAMS 0x0000000780000000| PB 0x0000000780000000| Untracked 
|   1|0x0000000780100000, 0x0000000780200000, 0x0000000780200000|100%| O|  |TAMS 0x0000000780100000| PB 0x0000000780100000| Untracked 
|   2|0x0000000780200000, 0x0000000780300000, 0x0000000780300000|100%|HS|  |TAMS 0x0000000780200000| PB 0x0000000780200000| Complete 
|   3|0x0000000780300000, 0x0000000780400000, 0x0000000780400000|100%|HC|  |TAMS 0x0000000780300000| PB 0x0000000780300000| Complete 
|   4|0x0000000780400000, 0x0000000780500000, 0x0000000780500000|100%|HC|  |TAMS 0x0000000780400000| PB 0x0000000780400000| Complete 
|   5|0x0000000780500000, 0x0000000780600000, 0x0000000780600000|100%|HC|  |TAMS 0x0000000780500000| PB 0x0000000780500000| Complete 
|   6|0x0000000780600000, 0x0000000780700000, 0x0000000780700000|100%|HC|  |TAMS 0x0000000780600000| PB 0x0000000780600000| Complete 
|   7|0x0000000780700000, 0x0000000780800000, 0x0000000780800000|100%|HC|  |TAMS 0x0000000780700000| PB 0x0000000780700000| Complete 
|   8|0x0000000780800000, 0x0000000780900000, 0x0000000780900000|100%|HS|  |TAMS 0x0000000780800000| PB 0x0000000780800000| Complete 
|   9|0x0000000780900000, 0x0000000780a00000, 0x0000000780a00000|100%|HC|  |TAMS 0x0000000780900000| PB 0x0000000780900000| Complete 
|  10|0x0000000780a00000, 0x0000000780b00000, 0x0000000780b00000|100%|HC|  |TAMS 0x0000000780a00000| PB 0x0000000780a00000| Complete 
|  11|0x0000000780b00000, 0x0000000780c00000, 0x0000000780c00000|100%| O|  |TAMS 0x0000000780b00000| PB 0x0000000780b00000| Untracked 
|  12|0x0000000780c00000, 0x0000000780cd0ce0, 0x0000000780d00000| 81%| O|  |TAMS 0x0000000780c00000| PB 0x0000000780c00000| Untracked 
|  13|0x0000000780d00000, 0x0000000780d00000, 0x0000000780e00000|  0%| F|  |TAMS 0x0000000780d00000| PB 0x0000000780d00000| Untracked 
|  14|0x0000000780e00000, 0x0000000780e00000, 0x0000000780f00000|  0%| F|  |TAMS 0x0000000780e00000| PB 0x0000000780e00000| Untracked 
|  15|0x0000000780f00000, 0x0000000780f00000, 0x0000000781000000|  0%| F|  |TAMS 0x0000000780f00000| PB 0x0000000780f00000| Untracked 
|  16|0x0000000781000000, 0x0000000781000000, 0x0000000781100000|  0%| F|  |TAMS 0x0000000781000000| PB 0x0000000781000000| Untracked 
|  17|0x0000000781100000, 0x0000000781100000, 0x0000000781200000|  0%| F|  |TAMS 0x0000000781100000| PB 0x0000000781100000| Untracked 
|  18|0x0000000781200000, 0x0000000781200000, 0x0000000781300000|  0%| F|  |TAMS 0x0000000781200000| PB 0x0000000781200000| Untracked 
|  19|0x0000000781300000, 0x0000000781300000, 0x0000000781400000|  0%| F|  |TAMS 0x0000000781300000| PB 0x0000000781300000| Untracked 
|  20|0x0000000781400000, 0x0000000781400000, 0x0000000781500000|  0%| F|  |TAMS 0x0000000781400000| PB 0x0000000781400000| Untracked 
|  21|0x0000000781500000, 0x0000000781500000, 0x0000000781600000|  0%| F|  |TAMS 0x0000000781500000| PB 0x0000000781500000| Untracked 
|  22|0x0000000781600000, 0x0000000781600000, 0x0000000781700000|  0%| F|  |TAMS 0x0000000781600000| PB 0x0000000781600000| Untracked 
|  23|0x0000000781700000, 0x0000000781700000, 0x0000000781800000|  0%| F|  |TAMS 0x0000000781700000| PB 0x0000000781700000| Untracked 
|  24|0x0000000781800000, 0x0000000781800000, 0x0000000781900000|  0%| F|  |TAMS 0x0000000781800000| PB 0x0000000781800000| Untracked 
|  25|0x0000000781900000, 0x0000000781900000, 0x0000000781a00000|  0%| F|  |TAMS 0x0000000781900000| PB 0x0000000781900000| Untracked 
|  26|0x0000000781a00000, 0x0000000781a00000, 0x0000000781b00000|  0%| F|  |TAMS 0x0000000781a00000| PB 0x0000000781a00000| Untracked 
|  27|0x0000000781b00000, 0x0000000781b00000, 0x0000000781c00000|  0%| F|  |TAMS 0x0000000781b00000| PB 0x0000000781b00000| Untracked 
|  28|0x0000000781c00000, 0x0000000781c00000, 0x0000000781d00000|  0%| F|  |TAMS 0x0000000781c00000| PB 0x0000000781c00000| Untracked 
|  29|0x0000000781d00000, 0x0000000781d00000, 0x0000000781e00000|  0%| F|  |TAMS 0x0000000781d00000| PB 0x0000000781d00000| Untracked 
|  30|0x0000000781e00000, 0x0000000781e00000, 0x0000000781f00000|  0%| F|  |TAMS 0x0000000781e00000| PB 0x0000000781e00000| Untracked 
|  31|0x0000000781f00000, 0x0000000781f00000, 0x0000000782000000|  0%| F|  |TAMS 0x0000000781f00000| PB 0x0000000781f00000| Untracked 
|  32|0x0000000782000000, 0x0000000782000000, 0x0000000782100000|  0%| F|  |TAMS 0x0000000782000000| PB 0x0000000782000000| Untracked 
|  33|0x0000000782100000, 0x0000000782100000, 0x0000000782200000|  0%| F|  |TAMS 0x0000000782100000| PB 0x0000000782100000| Untracked 
|  34|0x0000000782200000, 0x0000000782200000, 0x0000000782300000|  0%| F|  |TAMS 0x0000000782200000| PB 0x0000000782200000| Untracked 
|  35|0x0000000782300000, 0x0000000782300000, 0x0000000782400000|  0%| F|  |TAMS 0x0000000782300000| PB 0x0000000782300000| Untracked 
|  36|0x0000000782400000, 0x0000000782400000, 0x0000000782500000|  0%| F|  |TAMS 0x0000000782400000| PB 0x0000000782400000| Untracked 
|  37|0x0000000782500000, 0x0000000782500000, 0x0000000782600000|  0%| F|  |TAMS 0x0000000782500000| PB 0x0000000782500000| Untracked 
|  38|0x0000000782600000, 0x0000000782600000, 0x0000000782700000|  0%| F|  |TAMS 0x0000000782600000| PB 0x0000000782600000| Untracked 
|  39|0x0000000782700000, 0x0000000782700000, 0x0000000782800000|  0%| F|  |TAMS 0x0000000782700000| PB 0x0000000782700000| Untracked 
|  40|0x0000000782800000, 0x0000000782800000, 0x0000000782900000|  0%| F|  |TAMS 0x0000000782800000| PB 0x0000000782800000| Untracked 
|  41|0x0000000782900000, 0x0000000782900000, 0x0000000782a00000|  0%| F|  |TAMS 0x0000000782900000| PB 0x0000000782900000| Untracked 
|  42|0x0000000782a00000, 0x0000000782a00000, 0x0000000782b00000|  0%| F|  |TAMS 0x0000000782a00000| PB 0x0000000782a00000| Untracked 
|  43|0x0000000782b00000, 0x0000000782b00000, 0x0000000782c00000|  0%| F|  |TAMS 0x0000000782b00000| PB 0x0000000782b00000| Untracked 
|  44|0x0000000782c00000, 0x0000000782c00000, 0x0000000782d00000|  0%| F|  |TAMS 0x0000000782c00000| PB 0x0000000782c00000| Untracked 
|  45|0x0000000782d00000, 0x0000000782d00000, 0x0000000782e00000|  0%| F|  |TAMS 0x0000000782d00000| PB 0x0000000782d00000| Untracked 
|  46|0x0000000782e00000, 0x0000000782e00000, 0x0000000782f00000|  0%| F|  |TAMS 0x0000000782e00000| PB 0x0000000782e00000| Untracked 
|  47|0x0000000782f00000, 0x0000000782f00000, 0x0000000783000000|  0%| F|  |TAMS 0x0000000782f00000| PB 0x0000000782f00000| Untracked 
|  48|0x0000000783000000, 0x0000000783000000, 0x0000000783100000|  0%| F|  |TAMS 0x0000000783000000| PB 0x0000000783000000| Untracked 
|  49|0x0000000783100000, 0x0000000783100000, 0x0000000783200000|  0%| F|  |TAMS 0x0000000783100000| PB 0x0000000783100000| Untracked 
|  50|0x0000000783200000, 0x0000000783200000, 0x0000000783300000|  0%| F|  |TAMS 0x0000000783200000| PB 0x0000000783200000| Untracked 
|  51|0x0000000783300000, 0x0000000783300000, 0x0000000783400000|  0%| F|  |TAMS 0x0000000783300000| PB 0x0000000783300000| Untracked 
|  52|0x0000000783400000, 0x0000000783400000, 0x0000000783500000|  0%| F|  |TAMS 0x0000000783400000| PB 0x0000000783400000| Untracked 
|  53|0x0000000783500000, 0x0000000783500000, 0x0000000783600000|  0%| F|  |TAMS 0x0000000783500000| PB 0x0000000783500000| Untracked 
|  54|0x0000000783600000, 0x0000000783600000, 0x0000000783700000|  0%| F|  |TAMS 0x0000000783600000| PB 0x0000000783600000| Untracked 
|  55|0x0000000783700000, 0x0000000783700000, 0x0000000783800000|  0%| F|  |TAMS 0x0000000783700000| PB 0x0000000783700000| Untracked 
|  56|0x0000000783800000, 0x0000000783800000, 0x0000000783900000|  0%| F|  |TAMS 0x0000000783800000| PB 0x0000000783800000| Untracked 
|  57|0x0000000783900000, 0x0000000783900000, 0x0000000783a00000|  0%| F|  |TAMS 0x0000000783900000| PB 0x0000000783900000| Untracked 
|  58|0x0000000783a00000, 0x0000000783a00000, 0x0000000783b00000|  0%| F|  |TAMS 0x0000000783a00000| PB 0x0000000783a00000| Untracked 
|  59|0x0000000783b00000, 0x0000000783b00000, 0x0000000783c00000|  0%| F|  |TAMS 0x0000000783b00000| PB 0x0000000783b00000| Untracked 
|  60|0x0000000783c00000, 0x0000000783c00000, 0x0000000783d00000|  0%| F|  |TAMS 0x0000000783c00000| PB 0x0000000783c00000| Untracked 
|  61|0x0000000783d00000, 0x0000000783d00000, 0x0000000783e00000|  0%| F|  |TAMS 0x0000000783d00000| PB 0x0000000783d00000| Untracked 
|  62|0x0000000783e00000, 0x0000000783e00000, 0x0000000783f00000|  0%| F|  |TAMS 0x0000000783e00000| PB 0x0000000783e00000| Untracked 
|  63|0x0000000783f00000, 0x0000000783f00000, 0x0000000784000000|  0%| F|  |TAMS 0x0000000783f00000| PB 0x0000000783f00000| Untracked 
|  64|0x0000000784000000, 0x0000000784000000, 0x0000000784100000|  0%| F|  |TAMS 0x0000000784000000| PB 0x0000000784000000| Untracked 
|  65|0x0000000784100000, 0x0000000784100000, 0x0000000784200000|  0%| F|  |TAMS 0x0000000784100000| PB 0x0000000784100000| Untracked 
|  66|0x0000000784200000, 0x0000000784200000, 0x0000000784300000|  0%| F|  |TAMS 0x0000000784200000| PB 0x0000000784200000| Untracked 
|  67|0x0000000784300000, 0x0000000784300000, 0x0000000784400000|  0%| F|  |TAMS 0x0000000784300000| PB 0x0000000784300000| Untracked 
|  68|0x0000000784400000, 0x0000000784400000, 0x0000000784500000|  0%| F|  |TAMS 0x0000000784400000| PB 0x0000000784400000| Untracked 
|  69|0x0000000784500000, 0x0000000784500000, 0x0000000784600000|  0%| F|  |TAMS 0x0000000784500000| PB 0x0000000784500000| Untracked 
|  70|0x0000000784600000, 0x0000000784600000, 0x0000000784700000|  0%| F|  |TAMS 0x0000000784600000| PB 0x0000000784600000| Untracked 
|  71|0x0000000784700000, 0x0000000784700000, 0x0000000784800000|  0%| F|  |TAMS 0x0000000784700000| PB 0x0000000784700000| Untracked 
|  72|0x0000000784800000, 0x0000000784800000, 0x0000000784900000|  0%| F|  |TAMS 0x0000000784800000| PB 0x0000000784800000| Untracked 
|  73|0x0000000784900000, 0x0000000784900000, 0x0000000784a00000|  0%| F|  |TAMS 0x0000000784900000| PB 0x0000000784900000| Untracked 
|  74|0x0000000784a00000, 0x0000000784a00000, 0x0000000784b00000|  0%| F|  |TAMS 0x0000000784a00000| PB 0x0000000784a00000| Untracked 
|  75|0x0000000784b00000, 0x0000000784b00000, 0x0000000784c00000|  0%| F|  |TAMS 0x0000000784b00000| PB 0x0000000784b00000| Untracked 
|  76|0x0000000784c00000, 0x0000000784c00000, 0x0000000784d00000|  0%| F|  |TAMS 0x0000000784c00000| PB 0x0000000784c00000| Untracked 
|  77|0x0000000784d00000, 0x0000000784d00000, 0x0000000784e00000|  0%| F|  |TAMS 0x0000000784d00000| PB 0x0000000784d00000| Untracked 
|  78|0x0000000784e00000, 0x0000000784e00000, 0x0000000784f00000|  0%| F|  |TAMS 0x0000000784e00000| PB 0x0000000784e00000| Untracked 
|  79|0x0000000784f00000, 0x0000000784f00000, 0x0000000785000000|  0%| F|  |TAMS 0x0000000784f00000| PB 0x0000000784f00000| Untracked 
|  80|0x0000000785000000, 0x0000000785000000, 0x0000000785100000|  0%| F|  |TAMS 0x0000000785000000| PB 0x0000000785000000| Untracked 
|  81|0x0000000785100000, 0x0000000785100000, 0x0000000785200000|  0%| F|  |TAMS 0x0000000785100000| PB 0x0000000785100000| Untracked 
|  82|0x0000000785200000, 0x0000000785200000, 0x0000000785300000|  0%| F|  |TAMS 0x0000000785200000| PB 0x0000000785200000| Untracked 
|  83|0x0000000785300000, 0x0000000785300000, 0x0000000785400000|  0%| F|  |TAMS 0x0000000785300000| PB 0x0000000785300000| Untracked 
|  84|0x0000000785400000, 0x0000000785400000, 0x0000000785500000|  0%| F|  |TAMS 0x0000000785400000| PB 0x0000000785400000| Untracked 
|  85|0x0000000785500000, 0x0000000785500000, 0x0000000785600000|  0%| F|  |TAMS 0x0000000785500000| PB 0x0000000785500000| Untracked 
|  86|0x0000000785600000, 0x0000000785600000, 0x0000000785700000|  0%| F|  |TAMS 0x0000000785600000| PB 0x0000000785600000| Untracked 
|  87|0x0000000785700000, 0x0000000785700000, 0x0000000785800000|  0%| F|  |TAMS 0x0000000785700000| PB 0x0000000785700000| Untracked 
|  88|0x0000000785800000, 0x0000000785800000, 0x0000000785900000|  0%| F|  |TAMS 0x0000000785800000| PB 0x0000000785800000| Untracked 
|  89|0x0000000785900000, 0x0000000785900000, 0x0000000785a00000|  0%| F|  |TAMS 0x0000000785900000| PB 0x0000000785900000| Untracked 
|  90|0x0000000785a00000, 0x0000000785a00000, 0x0000000785b00000|  0%| F|  |TAMS 0x0000000785a00000| PB 0x0000000785a00000| Untracked 
|  91|0x0000000785b00000, 0x0000000785b00000, 0x0000000785c00000|  0%| F|  |TAMS 0x0000000785b00000| PB 0x0000000785b00000| Untracked 
|  92|0x0000000785c00000, 0x0000000785c00000, 0x0000000785d00000|  0%| F|  |TAMS 0x0000000785c00000| PB 0x0000000785c00000| Untracked 
|  93|0x0000000785d00000, 0x0000000785d00000, 0x0000000785e00000|  0%| F|  |TAMS 0x0000000785d00000| PB 0x0000000785d00000| Untracked 
|  94|0x0000000785e00000, 0x0000000785e00000, 0x0000000785f00000|  0%| F|  |TAMS 0x0000000785e00000| PB 0x0000000785e00000| Untracked 
|  95|0x0000000785f00000, 0x0000000785f00000, 0x0000000786000000|  0%| F|  |TAMS 0x0000000785f00000| PB 0x0000000785f00000| Untracked 
|  96|0x0000000786000000, 0x0000000786000000, 0x0000000786100000|  0%| F|  |TAMS 0x0000000786000000| PB 0x0000000786000000| Untracked 
|  97|0x0000000786100000, 0x0000000786100000, 0x0000000786200000|  0%| F|  |TAMS 0x0000000786100000| PB 0x0000000786100000| Untracked 
|  98|0x0000000786200000, 0x0000000786200000, 0x0000000786300000|  0%| F|  |TAMS 0x0000000786200000| PB 0x0000000786200000| Untracked 
|  99|0x0000000786300000, 0x0000000786300000, 0x0000000786400000|  0%| F|  |TAMS 0x0000000786300000| PB 0x0000000786300000| Untracked 
| 100|0x0000000786400000, 0x0000000786400000, 0x0000000786500000|  0%| F|  |TAMS 0x0000000786400000| PB 0x0000000786400000| Untracked 
| 101|0x0000000786500000, 0x0000000786500000, 0x0000000786600000|  0%| F|  |TAMS 0x0000000786500000| PB 0x0000000786500000| Untracked 
| 102|0x0000000786600000, 0x0000000786600000, 0x0000000786700000|  0%| F|  |TAMS 0x0000000786600000| PB 0x0000000786600000| Untracked 
| 103|0x0000000786700000, 0x0000000786700000, 0x0000000786800000|  0%| F|  |TAMS 0x0000000786700000| PB 0x0000000786700000| Untracked 
| 104|0x0000000786800000, 0x0000000786800000, 0x0000000786900000|  0%| F|  |TAMS 0x0000000786800000| PB 0x0000000786800000| Untracked 
| 105|0x0000000786900000, 0x0000000786900000, 0x0000000786a00000|  0%| F|  |TAMS 0x0000000786900000| PB 0x0000000786900000| Untracked 
| 106|0x0000000786a00000, 0x0000000786a00000, 0x0000000786b00000|  0%| F|  |TAMS 0x0000000786a00000| PB 0x0000000786a00000| Untracked 
| 107|0x0000000786b00000, 0x0000000786b00000, 0x0000000786c00000|  0%| F|  |TAMS 0x0000000786b00000| PB 0x0000000786b00000| Untracked 
| 108|0x0000000786c00000, 0x0000000786c00000, 0x0000000786d00000|  0%| F|  |TAMS 0x0000000786c00000| PB 0x0000000786c00000| Untracked 
| 109|0x0000000786d00000, 0x0000000786d00000, 0x0000000786e00000|  0%| F|  |TAMS 0x0000000786d00000| PB 0x0000000786d00000| Untracked 
| 110|0x0000000786e00000, 0x0000000786e82890, 0x0000000786f00000| 50%| S|CS|TAMS 0x0000000786e00000| PB 0x0000000786e00000| Complete 
| 111|0x0000000786f00000, 0x0000000787000000, 0x0000000787000000|100%| S|CS|TAMS 0x0000000786f00000| PB 0x0000000786f00000| Complete 
| 112|0x0000000787000000, 0x0000000787000000, 0x0000000787100000|  0%| F|  |TAMS 0x0000000787000000| PB 0x0000000787000000| Untracked 
| 113|0x0000000787100000, 0x0000000787100000, 0x0000000787200000|  0%| F|  |TAMS 0x0000000787100000| PB 0x0000000787100000| Untracked 
| 114|0x0000000787200000, 0x0000000787200000, 0x0000000787300000|  0%| F|  |TAMS 0x0000000787200000| PB 0x0000000787200000| Untracked 
| 115|0x0000000787300000, 0x0000000787300000, 0x0000000787400000|  0%| F|  |TAMS 0x0000000787300000| PB 0x0000000787300000| Untracked 
| 116|0x0000000787400000, 0x0000000787400000, 0x0000000787500000|  0%| F|  |TAMS 0x0000000787400000| PB 0x0000000787400000| Untracked 
| 117|0x0000000787500000, 0x0000000787500000, 0x0000000787600000|  0%| F|  |TAMS 0x0000000787500000| PB 0x0000000787500000| Untracked 
| 118|0x0000000787600000, 0x0000000787600000, 0x0000000787700000|  0%| F|  |TAMS 0x0000000787600000| PB 0x0000000787600000| Untracked 
| 119|0x0000000787700000, 0x0000000787700000, 0x0000000787800000|  0%| F|  |TAMS 0x0000000787700000| PB 0x0000000787700000| Untracked 
| 120|0x0000000787800000, 0x0000000787800000, 0x0000000787900000|  0%| F|  |TAMS 0x0000000787800000| PB 0x0000000787800000| Untracked 
| 121|0x0000000787900000, 0x0000000787900000, 0x0000000787a00000|  0%| F|  |TAMS 0x0000000787900000| PB 0x0000000787900000| Untracked 
| 122|0x0000000787a00000, 0x0000000787a00000, 0x0000000787b00000|  0%| F|  |TAMS 0x0000000787a00000| PB 0x0000000787a00000| Untracked 
| 123|0x0000000787b00000, 0x0000000787b00000, 0x0000000787c00000|  0%| F|  |TAMS 0x0000000787b00000| PB 0x0000000787b00000| Untracked 
| 124|0x0000000787c00000, 0x0000000787c00000, 0x0000000787d00000|  0%| F|  |TAMS 0x0000000787c00000| PB 0x0000000787c00000| Untracked 
| 125|0x0000000787d00000, 0x0000000787d00000, 0x0000000787e00000|  0%| F|  |TAMS 0x0000000787d00000| PB 0x0000000787d00000| Untracked 
| 126|0x0000000787e00000, 0x0000000787e00000, 0x0000000787f00000|  0%| F|  |TAMS 0x0000000787e00000| PB 0x0000000787e00000| Untracked 
| 127|0x0000000787f00000, 0x0000000787f881d0, 0x0000000788000000| 53%| E|  |TAMS 0x0000000787f00000| PB 0x0000000787f00000| Complete 
|2046|0x00000007ffe00000, 0x00000007fff00000, 0x00000007fff00000|100%| O|  |TAMS 0x00000007ffe00000| PB 0x00000007ffe00000| Untracked 
|2047|0x00000007fff00000, 0x00000007fff03548, 0x0000000800000000|  1%| O|  |TAMS 0x00000007fff00000| PB 0x00000007fff00000| Untracked 

Card table byte_map: [0x000000010e5ff000,0x000000010e9ff000] _byte_map_base: 0x000000010a9ff000

Marking Bits: (CMBitMap*) 0x00007fddf9008a10
 Bits: [0x0000000110423000, 0x0000000112423000)

Polling page: 0x000000010df52000

Metaspace:

Usage:
  Non-class:     13.70 MB used.
      Class:      1.70 MB used.
       Both:     15.39 MB used.

Virtual space:
  Non-class space:       64.00 MB reserved,      13.81 MB ( 22%) committed,  1 nodes.
      Class space:        1.00 GB reserved,       1.81 MB ( <1%) committed,  1 nodes.
             Both:        1.06 GB reserved,      15.62 MB (  1%) committed. 

Chunk freelists:
   Non-Class:  2.13 MB
       Class:  14.17 MB
        Both:  16.29 MB

MaxMetaspaceSize: unlimited
CompressedClassSpaceSize: 1.00 GB
Initial GC threshold: 21.00 MB
Current GC threshold: 21.00 MB
CDS: on
 - commit_granule_bytes: 65536.
 - commit_granule_words: 8192.
 - virtual_space_node_default_size: 8388608.
 - enlarge_chunks_in_place: 1.
 - use_allocation_guard: 0.


Internal statistics:

num_allocs_failed_limit: 0.
num_arena_births: 200.
num_arena_deaths: 0.
num_vsnodes_births: 2.
num_vsnodes_deaths: 0.
num_space_committed: 250.
num_space_uncommitted: 0.
num_chunks_returned_to_freelist: 0.
num_chunks_taken_from_freelist: 379.
num_chunk_merges: 0.
num_chunk_splits: 241.
num_chunks_enlarged: 150.
num_inconsistent_stats: 0.

CodeHeap 'non-profiled nmethods': size=120032Kb used=545Kb max_used=545Kb free=119486Kb
 bounds [0x0000000126435000, 0x00000001266a5000, 0x000000012d96d000]
CodeHeap 'profiled nmethods': size=120028Kb used=2678Kb max_used=2678Kb free=117349Kb
 bounds [0x000000011e96d000, 0x000000011ec0d000, 0x0000000125ea4000]
CodeHeap 'non-nmethods': size=5700Kb used=1665Kb max_used=1678Kb free=4034Kb
 bounds [0x0000000125ea4000, 0x0000000126114000, 0x0000000126435000]
 total_blobs=2292 nmethods=1566 adapters=632
 compilation: enabled
              stopped_count=0, restarted_count=0
 full_count=0

Compilation events (20 events):
Event: 2.383 Thread 0x00007fddfa80ee00 nmethod 1556 0x00000001264bc210 code [0x00000001264bc3a0, 0x00000001264bc460]
Event: 2.384 Thread 0x00007fddfa80ee00 1557       1       sun.java2d.loops.CompositeType::getUniqueID (5 bytes)
Event: 2.384 Thread 0x00007fddfa80ee00 nmethod 1557 0x00000001264bc510 code [0x00000001264bc6a0, 0x00000001264bc760]
Event: 2.384 Thread 0x00007fddfa80ee00 1558  s    3       sun.java2d.loops.GraphicsPrimitive::makeUniqueID (26 bytes)
Event: 2.385 Thread 0x00007fddfa02fc00 1561       4       jdk.internal.org.objectweb.asm.SymbolTable::put (150 bytes)
Event: 2.385 Thread 0x00007fddfa80ee00 nmethod 1558 0x000000011ec07310 code [0x000000011ec074c0, 0x000000011ec076e8]
Event: 2.385 Thread 0x00007fddfa80ee00 1559       3       sun.java2d.loops.GraphicsPrimitive::<init> (75 bytes)
Event: 2.386 Thread 0x00007fddfa80ee00 nmethod 1559 0x000000011ec07810 code [0x000000011ec079e0, 0x000000011ec07fb0]
Event: 2.386 Thread 0x00007fddfa80ee00 1560       3       jdk.internal.org.objectweb.asm.SymbolTable::addConstantFieldref (10 bytes)
Event: 2.386 Thread 0x00007fddfa80ee00 nmethod 1560 0x000000011ec08210 code [0x000000011ec083c0, 0x000000011ec08510]
Event: 2.458 Thread 0x00007fddfa02fc00 nmethod 1561 0x00000001264bcb10 code [0x00000001264bcca0, 0x00000001264bd028]
Event: 2.461 Thread 0x00007fddfa80ee00 1564       3       java.lang.invoke.MethodHandleStatics::dumper (4 bytes)
Event: 2.462 Thread 0x00007fddfa80ee00 nmethod 1564 0x000000011ec08610 code [0x000000011ec087a0, 0x000000011ec08890]
Event: 2.462 Thread 0x00007fddfa80ee00 1565       3       java.lang.invoke.InvokerBytecodeGenerator::emitReferenceCast (188 bytes)
Event: 2.463 Thread 0x00007fddfa80ee00 nmethod 1565 0x000000011ec08910 code [0x000000011ec08be0, 0x000000011ec098d8]
Event: 2.472 Thread 0x00007fddfa80ee00 1568       3       java.lang.ref.NativeReferenceQueue::signal (8 bytes)
Event: 2.473 Thread 0x00007fddfa80ee00 nmethod 1568 0x000000011ec09c10 code [0x000000011ec09dc0, 0x000000011ec09f08]
Event: 2.473 Thread 0x00007fddfa80ee00 1566       3       java.util.concurrent.locks.ReentrantLock$Sync::isHeldExclusively (16 bytes)
Event: 2.473 Thread 0x00007fddfa80ee00 nmethod 1566 0x000000011ec0a010 code [0x000000011ec0a1a0, 0x000000011ec0a338]
Event: 2.473 Thread 0x00007fddfa80ee00 1567       3       java.util.concurrent.locks.AbstractQueuedSynchronizer$ConditionObject::signalAll (34 bytes)

GC Heap History (4 events):
Event: 1.350 GC heap before
{Heap before GC invocations=0 (full 0):
 garbage-first heap   total 133120K, used 13325K [0x0000000780000000, 0x0000000800000000)
  region size 1024K, 13 young (13312K), 0 survivors (0K)
 Metaspace       used 8824K, committed 9024K, reserved 1114112K
  class space    used 954K, committed 1024K, reserved 1048576K
}
Event: 1.360 GC heap after
{Heap after GC invocations=1 (full 0):
 garbage-first heap   total 133120K, used 4902K [0x0000000780000000, 0x0000000800000000)
  region size 1024K, 2 young (2048K), 2 survivors (2048K)
 Metaspace       used 8824K, committed 9024K, reserved 1114112K
  class space    used 954K, committed 1024K, reserved 1048576K
}
Event: 2.426 GC heap before
{Heap before GC invocations=1 (full 0):
 garbage-first heap   total 133120K, used 27430K [0x0000000780000000, 0x0000000800000000)
  region size 1024K, 16 young (16384K), 2 survivors (2048K)
 Metaspace       used 15749K, committed 16000K, reserved 1114112K
  class space    used 1736K, committed 1856K, reserved 1048576K
}
Event: 2.458 GC heap after
{Heap after GC invocations=2 (full 0):
 garbage-first heap   total 133120K, used 15706K [0x0000000780000000, 0x0000000800000000)
  region size 1024K, 2 young (2048K), 2 survivors (2048K)
 Metaspace       used 15749K, committed 16000K, reserved 1114112K
  class space    used 1736K, committed 1856K, reserved 1048576K
}

Dll operation events (11 events):
Event: 0.025 Loaded shared library /Library/Java/JavaVirtualMachines/jdk-21.jdk/Contents/Home/lib/libjava.dylib
Event: 0.100 Loaded shared library /Library/Java/JavaVirtualMachines/jdk-21.jdk/Contents/Home/lib/libnio.dylib
Event: 0.200 Loaded shared library /Library/Java/JavaVirtualMachines/jdk-21.jdk/Contents/Home/lib/libzip.dylib
Event: 0.224 Loaded shared library /Library/Java/JavaVirtualMachines/jdk-21.jdk/Contents/Home/lib/libjimage.dylib
Event: 0.248 Loaded shared library /Library/Java/JavaVirtualMachines/jdk-21.jdk/Contents/Home/lib/libawt.dylib
Event: 0.253 Loaded shared library /Library/Java/JavaVirtualMachines/jdk-21.jdk/Contents/Home/lib/libawt_lwawt.dylib
Event: 0.324 Loaded shared library /Library/Java/JavaVirtualMachines/jdk-21.jdk/Contents/Home/lib/libfontmanager.dylib
Event: 0.613 Loaded shared library /Library/Java/JavaVirtualMachines/jdk-21.jdk/Contents/Home/lib/libosxui.dylib
Event: 1.030 Loaded shared library /Library/Java/JavaVirtualMachines/jdk-21.jdk/Contents/Home/lib/libnet.dylib
Event: 1.058 Loaded shared library /Library/Java/JavaVirtualMachines/jdk-21.jdk/Contents/Home/lib/libextnet.dylib
Event: 1.981 Loaded shared library /Library/Java/JavaVirtualMachines/jdk-21.jdk/Contents/Home/lib/libjavajpeg.dylib

Deoptimization events (20 events):
Event: 2.088 Thread 0x00007fddf91c2200 DEOPT PACKING pc=0x000000011ebf75dd sp=0x000070000d6c1d80
Event: 2.088 Thread 0x00007fddf91c2200 DEOPT UNPACKING pc=0x0000000125ef872f sp=0x000070000d6c1220 mode 0
Event: 2.089 Thread 0x00007fddf91c2200 DEOPT PACKING pc=0x000000011ebf75dd sp=0x000070000d6c1d80
Event: 2.089 Thread 0x00007fddf91c2200 DEOPT UNPACKING pc=0x0000000125ef872f sp=0x000070000d6c1220 mode 0
Event: 2.089 Thread 0x00007fddf91c2200 DEOPT PACKING pc=0x000000011ebf75dd sp=0x000070000d6c1d80
Event: 2.089 Thread 0x00007fddf91c2200 DEOPT UNPACKING pc=0x0000000125ef872f sp=0x000070000d6c1220 mode 0
Event: 2.090 Thread 0x00007fddf91c2200 DEOPT PACKING pc=0x000000011ebf75dd sp=0x000070000d6c1d80
Event: 2.090 Thread 0x00007fddf91c2200 DEOPT UNPACKING pc=0x0000000125ef872f sp=0x000070000d6c1220 mode 0
Event: 2.091 Thread 0x00007fddf91c2200 DEOPT PACKING pc=0x000000011ebf75dd sp=0x000070000d6c1d80
Event: 2.091 Thread 0x00007fddf91c2200 DEOPT UNPACKING pc=0x0000000125ef872f sp=0x000070000d6c1220 mode 0
Event: 2.091 Thread 0x00007fddf91c2200 DEOPT PACKING pc=0x000000011ebf75dd sp=0x000070000d6c1d80
Event: 2.091 Thread 0x00007fddf91c2200 DEOPT UNPACKING pc=0x0000000125ef872f sp=0x000070000d6c1220 mode 0
Event: 2.092 Thread 0x00007fddf91c2200 DEOPT PACKING pc=0x000000011ebf75dd sp=0x000070000d6c1d80
Event: 2.092 Thread 0x00007fddf91c2200 DEOPT UNPACKING pc=0x0000000125ef872f sp=0x000070000d6c1220 mode 0
Event: 2.094 Thread 0x00007fddf91c2200 DEOPT PACKING pc=0x000000011ebf75dd sp=0x000070000d6c1d80
Event: 2.094 Thread 0x00007fddf91c2200 DEOPT UNPACKING pc=0x0000000125ef872f sp=0x000070000d6c1220 mode 0
Event: 2.095 Thread 0x00007fddf91c2200 DEOPT PACKING pc=0x000000011ebf75dd sp=0x000070000d6c1d80
Event: 2.095 Thread 0x00007fddf91c2200 DEOPT UNPACKING pc=0x0000000125ef872f sp=0x000070000d6c1220 mode 0
Event: 2.096 Thread 0x00007fddf91c2200 DEOPT PACKING pc=0x000000011ebf75dd sp=0x000070000d6c1d80
Event: 2.096 Thread 0x00007fddf91c2200 DEOPT UNPACKING pc=0x0000000125ef872f sp=0x000070000d6c1220 mode 0

Classes loaded (20 events):
Event: 2.344 Loading class sun/java2d/metal/MTLSurfaceData$MTLLayerSurfaceData
Event: 2.344 Loading class sun/java2d/metal/MTLSurfaceData$MTLLayerSurfaceData done
Event: 2.344 Loading class sun/java2d/SurfaceDataProxy
Event: 2.344 Loading class sun/awt/image/SurfaceManager$FlushableCacheData
Event: 2.344 Loading class sun/awt/image/SurfaceManager$FlushableCacheData done
Event: 2.344 Loading class sun/java2d/SurfaceDataProxy done
Event: 2.344 Loading class sun/java2d/SurfaceDataProxy$1
Event: 2.345 Loading class sun/java2d/SurfaceDataProxy$1 done
Event: 2.345 Loading class sun/java2d/StateTracker
Event: 2.345 Loading class sun/java2d/StateTracker done
Event: 2.345 Loading class sun/java2d/StateTracker$1
Event: 2.345 Loading class sun/java2d/StateTracker$1 done
Event: 2.345 Loading class sun/java2d/StateTracker$2
Event: 2.345 Loading class sun/java2d/StateTracker$2 done
Event: 2.345 Loading class sun/java2d/DefaultDisposerRecord
Event: 2.345 Loading class sun/java2d/DefaultDisposerRecord done
Event: 2.346 Loading class sun/java2d/metal/MTLSurfaceData$1
Event: 2.346 Loading class sun/java2d/metal/MTLSurfaceData$1 done
Event: 2.362 Loading class sun/java2d/pipe/BufferedPaints
Event: 2.362 Loading class sun/java2d/pipe/BufferedPaints done

Classes unloaded (0 events):
No events

Classes redefined (0 events):
No events

Internal exceptions (20 events):
Event: 0.660 Thread 0x00007fddf8808800 Exception <a 'java/lang/ClassNotFoundException'{0x0000000787ccf950}: com/apple/laf/resources/spi/aquaProvider> (0x0000000787ccf950) 
thrown [open/src/hotspot/share/classfile/systemDictionary.cpp, line 312]
Event: 0.700 Thread 0x00007fddf8808800 Exception <a 'java/lang/ClassNotFoundException'{0x0000000787b33900}: com/sun/swing/internal/plaf/basic/resources/spi/basicProvider> (0x0000000787b33900) 
thrown [open/src/hotspot/share/classfile/systemDictionary.cpp, line 312]
Event: 0.730 Thread 0x00007fddf8808800 Exception <a 'java/lang/NoSuchMethodError'{0x0000000787b538b0}: 'int java.lang.invoke.Invokers$Holder.invokeExact_MT(java.lang.Object, java.lang.Object)'> (0x0000000787b538b0) 
thrown [open/src/hotspot/share/interpreter/linkResolver.cpp, line 773]
Event: 0.832 Thread 0x00007fddf8808800 Exception <a 'java/lang/NoSuchMethodError'{0x0000000787aa5e68}: 'void java.lang.invoke.DirectMethodHandle$Holder.invokeStatic(java.lang.Object, java.lang.Object)'> (0x0000000787aa5e68) 
thrown [open/src/hotspot/share/interpreter/linkResolver.cpp, line 773]
Event: 0.875 Thread 0x00007fddf8808800 Exception <a 'java/lang/NoSuchMethodError'{0x00000007879921b8}: 'java.lang.Object java.lang.invoke.DirectMethodHandle$Holder.invokeInterface(java.lang.Object, java.lang.Object)'> (0x00000007879921b8) 
thrown [open/src/hotspot/share/interpreter/linkResolver.cpp, line 773]
Event: 0.909 Thread 0x00007fddf8808800 Exception <a 'java/lang/NoSuchMethodError'{0x0000000787805a98}: 'void java.lang.invoke.DirectMethodHandle$Holder.invokeStatic(java.lang.Object, java.lang.Object, java.lang.Object)'> (0x0000000787805a98) 
thrown [open/src/hotspot/share/interpreter/linkResolver.cpp, line 773]
Event: 0.911 Thread 0x00007fddf8808800 Exception <a 'java/lang/NoSuchMethodError'{0x000000078780e710}: 'java.lang.Object java.lang.invoke.DirectMethodHandle$Holder.invokeVirtual(java.lang.Object, java.lang.Object, java.lang.Object)'> (0x000000078780e710) 
thrown [open/src/hotspot/share/interpreter/linkResolver.cpp, line 773]
Event: 1.254 Thread 0x00007fddf8808800 Exception <a 'java/lang/NoSuchMethodError'{0x00000007874cc910}: 'void java.lang.invoke.DirectMethodHandle$Holder.invokeStaticInit(java.lang.Object, java.lang.Object)'> (0x00000007874cc910) 
thrown [open/src/hotspot/share/interpreter/linkResolver.cpp, line 773]
Event: 1.685 Thread 0x00007fddf8808800 Exception <a 'java/lang/NoSuchMethodError'{0x0000000787d533e0}: 'void java.lang.invoke.DirectMethodHandle$Holder.invokeVirtual(java.lang.Object, java.lang.Object)'> (0x0000000787d533e0) 
thrown [open/src/hotspot/share/interpreter/linkResolver.cpp, line 773]
Event: 1.946 Thread 0x00007fddf8808800 Exception <a 'java/io/FileNotFoundException'{0x0000000787bc6158}> (0x0000000787bc6158) 
thrown [open/src/hotspot/share/prims/jni.cpp, line 520]
Event: 1.964 Thread 0x00007fddf91c2200 Implicit null exception at 0x0000000126490020 to 0x00000001264906a4
Event: 1.964 Thread 0x00007fddf91c2200 Implicit null exception at 0x000000012648c8a0 to 0x000000012648cf2c
Event: 1.986 Thread 0x00007fddf91c2200 Exception <a 'java/lang/NoSuchMethodError'{0x0000000787a62ae8}: 'java.lang.Object java.lang.invoke.DirectMethodHandle$Holder.newInvokeSpecial(java.lang.Object, java.lang.Object, java.lang.Object, int, int, int, int, int)'> (0x0000000787a62ae8) 
thrown [open/src/hotspot/share/interpreter/linkResolver.cpp, line 773]
Event: 2.125 Thread 0x00007fddf8808800 Exception <a 'java/lang/NoSuchMethodError'{0x00000007870400d0}: 'void java.lang.invoke.Invokers$Holder.invokeExact_MT(java.lang.Object, java.lang.Object, java.lang.Object, java.lang.Object)'> (0x00000007870400d0) 
thrown [open/src/hotspot/share/interpreter/linkResolver.cpp, line 773]
Event: 2.138 Thread 0x00007fddf8808800 Exception <a 'java/lang/NoSuchMethodError'{0x000000078704b850}: 'java.lang.Object java.lang.invoke.DirectMethodHandle$Holder.newInvokeSpecial(java.lang.Object, java.lang.Object, java.lang.Object, int, java.lang.Object)'> (0x000000078704b850) 
thrown [open/src/hotspot/share/interpreter/linkResolver.cpp, line 773]
Event: 2.141 Thread 0x00007fddf8808800 Exception <a 'java/lang/NoSuchMethodError'{0x0000000787052ef8}: 'java.lang.Object java.lang.invoke.Invokers$Holder.linkToTargetMethod(java.lang.Object, java.lang.Object, int, java.lang.Object, java.lang.Object)'> (0x0000000787052ef8) 
thrown [open/src/hotspot/share/interpreter/linkResolver.cpp, line 773]
Event: 2.199 Thread 0x00007fddf8808800 Exception <a 'java/lang/NoSuchMethodError'{0x0000000787056e00}: 'void java.lang.invoke.DirectMethodHandle$Holder.invokeStatic(java.lang.Object, int, long)'> (0x0000000787056e00) 
thrown [open/src/hotspot/share/interpreter/linkResolver.cpp, line 773]
Event: 2.299 Thread 0x00007fddf8808800 Exception <a 'java/lang/NoSuchMethodError'{0x0000000787092be0}: 'java.lang.Object java.lang.invoke.Invokers$Holder.linkToTargetMethod(int, int, int, int, java.lang.Object)'> (0x0000000787092be0) 
thrown [open/src/hotspot/share/interpreter/linkResolver.cpp, line 773]
Event: 2.301 Thread 0x00007fddf8808800 Exception <a 'java/lang/NoSuchMethodError'{0x0000000787096210}: 'void java.lang.invoke.DirectMethodHandle$Holder.invokeStatic(java.lang.Object, java.lang.Object, long)'> (0x0000000787096210) 
thrown [open/src/hotspot/share/interpreter/linkResolver.cpp, line 773]
Event: 2.469 Thread 0x00007fddfa02e600 Exception <a 'java/lang/NoSuchMethodError'{0x0000000787f000e0}: 'void java.lang.invoke.DirectMethodHandle$Holder.invokeStatic(java.lang.Object, long)'> (0x0000000787f000e0) 
thrown [open/src/hotspot/share/interpreter/linkResolver.cpp, line 773]

ZGC Phase Switch (0 events):
No events

VM Operations (20 events):
Event: 0.156 Executing VM operation: HandshakeAllThreads (Deoptimize)
Event: 0.156 Executing VM operation: HandshakeAllThreads (Deoptimize) done
Event: 0.296 Executing VM operation: HandshakeAllThreads (Deoptimize)
Event: 0.296 Executing VM operation: HandshakeAllThreads (Deoptimize) done
Event: 0.316 Executing VM operation: HandshakeAllThreads (Deoptimize)
Event: 0.316 Executing VM operation: HandshakeAllThreads (Deoptimize) done
Event: 0.778 Executing VM operation: HandshakeAllThreads (Deoptimize)
Event: 0.778 Executing VM operation: HandshakeAllThreads (Deoptimize) done
Event: 0.850 Executing VM operation: HandshakeAllThreads (Deoptimize)
Event: 0.850 Executing VM operation: HandshakeAllThreads (Deoptimize) done
Event: 0.851 Executing VM operation: HandshakeAllThreads (Deoptimize)
Event: 0.851 Executing VM operation: HandshakeAllThreads (Deoptimize) done
Event: 1.350 Executing VM operation: G1CollectForAllocation (G1 Evacuation Pause)
Event: 1.360 Executing VM operation: G1CollectForAllocation (G1 Evacuation Pause) done
Event: 1.977 Executing VM operation: HandshakeAllThreads (Deoptimize)
Event: 1.977 Executing VM operation: HandshakeAllThreads (Deoptimize) done
Event: 2.041 Executing VM operation: HandshakeAllThreads (Deoptimize)
Event: 2.041 Executing VM operation: HandshakeAllThreads (Deoptimize) done
Event: 2.423 Executing VM operation: G1CollectForAllocation (G1 Evacuation Pause)
Event: 2.469 Executing VM operation: G1CollectForAllocation (G1 Evacuation Pause) done

Events (20 events):
Event: 0.094 Thread 0x00007fddfa80ee00 Thread added: 0x00007fddfa80ee00
Event: 0.094 Protecting memory [0x000070000c896000,0x000070000c89a000] with protection modes 0
Event: 0.128 Thread 0x00007fddfa02d200 Thread added: 0x00007fddfa02d200
Event: 0.128 Protecting memory [0x000070000c999000,0x000070000c99d000] with protection modes 0
Event: 0.181 Thread 0x00007fddfa02de00 Thread added: 0x00007fddfa02de00
Event: 0.182 Protecting memory [0x000070000ca9c000,0x000070000caa0000] with protection modes 0
Event: 0.329 Protecting memory [0x00007ff7b18d5000,0x00007ff7b18d9000] with protection modes 0
Event: 0.329 Thread 0x00007fddfa02e600 Thread added: 0x00007fddfa02e600
Event: 0.414 Thread 0x00007fddf90e3e00 Thread added: 0x00007fddf90e3e00
Event: 0.414 Protecting memory [0x000070000cb9f000,0x000070000cba3000] with protection modes 0
Event: 0.568 Thread 0x00007fddfa0e1c00 Thread added: 0x00007fddfa0e1c00
Event: 0.568 Protecting memory [0x000070000ceae000,0x000070000ceb2000] with protection modes 0
Event: 0.574 Thread 0x00007fddfa0e2400 Thread added: 0x00007fddfa0e2400
Event: 0.574 Protecting memory [0x000070000cfb1000,0x000070000cfb5000] with protection modes 0
Event: 0.818 Thread 0x00007fddf8913e00 Thread added: 0x00007fddf8913e00
Event: 0.818 Protecting memory [0x000070000d0b4000,0x000070000d0b8000] with protection modes 0
Event: 0.833 Thread 0x00007fddfa8d0e00 Thread added: 0x00007fddfa8d0e00
Event: 0.833 Protecting memory [0x000070000d1b7000,0x000070000d1bb000] with protection modes 0
Event: 1.960 Thread 0x00007fddf91c2200 Thread added: 0x00007fddf91c2200
Event: 1.960 Protecting memory [0x000070000d5c3000,0x000070000d5c7000] with protection modes 0


Dynamic libraries:
0x000000010df54000 	/Library/Java/JavaVirtualMachines/jdk-21.jdk/Contents/Home/lib/libjli.dylib
0x00007ff80da1d000 	/usr/lib/libz.1.dylib
0x00007ff80dafd000 	/usr/lib/libSystem.B.dylib
0x00007ff80daf8000 	/usr/lib/system/libcache.dylib
0x00007ff80dab4000 	/usr/lib/system/libcommonCrypto.dylib
0x00007ff80dadd000 	/usr/lib/system/libcompiler_rt.dylib
0x00007ff80dad3000 	/usr/lib/system/libcopyfile.dylib
0x00007ff802a8d000 	/usr/lib/system/libcorecrypto.dylib
0x00007ff802b4b000 	/usr/lib/system/libdispatch.dylib
0x00007ff802d0b000 	/usr/lib/system/libdyld.dylib
0x00007ff80daef000 	/usr/lib/system/libkeymgr.dylib
0x00007ff80da92000 	/usr/lib/system/libmacho.dylib
0x00007ff80d113000 	/usr/lib/system/libquarantine.dylib
0x00007ff80daed000 	/usr/lib/system/libremovefile.dylib
0x00007ff807c9f000 	/usr/lib/system/libsystem_asl.dylib
0x00007ff802a36000 	/usr/lib/system/libsystem_blocks.dylib
0x00007ff802bcf000 	/usr/lib/system/libsystem_c.dylib
0x00007ff80dae5000 	/usr/lib/system/libsystem_collections.dylib
0x00007ff80c3c7000 	/usr/lib/system/libsystem_configuration.dylib
0x00007ff80b671000 	/usr/lib/system/libsystem_containermanager.dylib
0x00007ff80d7ca000 	/usr/lib/system/libsystem_coreservices.dylib
0x00007ff805342000 	/usr/lib/system/libsystem_darwin.dylib
0x00007ff80daf0000 	/usr/lib/system/libsystem_dnssd.dylib
0x00007ff802bcc000 	/usr/lib/system/libsystem_featureflags.dylib
0x00007ff802d21000 	/usr/lib/system/libsystem_info.dylib
0x00007ff80da30000 	/usr/lib/system/libsystem_m.dylib
0x00007ff802b1f000 	/usr/lib/system/libsystem_malloc.dylib
0x00007ff807c3a000 	/usr/lib/system/libsystem_networkextension.dylib
0x00007ff805768000 	/usr/lib/system/libsystem_notify.dylib
0x00007ff813d71000 	/usr/lib/system/libsystem_product_info_filter.dylib
0x00007ff80c3cb000 	/usr/lib/system/libsystem_sandbox.dylib
0x00007ff80daea000 	/usr/lib/system/libsystem_secinit.dylib
0x00007ff802cc7000 	/usr/lib/system/libsystem_kernel.dylib
0x00007ff802d17000 	/usr/lib/system/libsystem_platform.dylib
0x00007ff802cff000 	/usr/lib/system/libsystem_pthread.dylib
0x00007ff8094ed000 	/usr/lib/system/libsystem_symptoms.dylib
0x00007ff802a74000 	/usr/lib/system/libsystem_trace.dylib
0x00007ff80dac0000 	/usr/lib/system/libunwind.dylib
0x00007ff802a38000 	/usr/lib/system/libxpc.dylib
0x00007ff802cb1000 	/usr/lib/libc++abi.dylib
0x00007ff802b92000 	/usr/lib/libobjc.A.dylib
0x00007ff80dacb000 	/usr/lib/liboah.dylib
0x00007ff802c58000 	/usr/lib/libc++.1.dylib
0x00007ff819b7e000 	/System/Library/Frameworks/Cocoa.framework/Versions/A/Cocoa
0x00007ff8057c6000 	/System/Library/Frameworks/AppKit.framework/Versions/C/AppKit
0x00007ff808cdb000 	/System/Library/Frameworks/CoreData.framework/Versions/A/CoreData
0x00007ff803bc9000 	/System/Library/Frameworks/Foundation.framework/Versions/C/Foundation
0x00007ff806656000 	/System/Library/PrivateFrameworks/UIFoundation.framework/Versions/A/UIFoundation
0x00007ff813a74000 	/System/Library/PrivateFrameworks/RemoteViewServices.framework/Versions/A/RemoteViewServices
0x00007ff80bd51000 	/System/Library/PrivateFrameworks/XCTTargetBootstrap.framework/Versions/A/XCTTargetBootstrap
0x00007ff80f90a000 	/System/Library/PrivateFrameworks/InternationalSupport.framework/Versions/A/InternationalSupport
0x00007ff80f994000 	/System/Library/PrivateFrameworks/UserActivity.framework/Versions/A/UserActivity
0x00007ff80ece6000 	/usr/lib/libspindump.dylib
0x00007ff8068e5000 	/System/Library/Frameworks/UniformTypeIdentifiers.framework/Versions/A/UniformTypeIdentifiers
0x00007ff80a476000 	/usr/lib/libapp_launch_measurement.dylib
0x00007ff8096ad000 	/System/Library/PrivateFrameworks/CoreAnalytics.framework/Versions/A/CoreAnalytics
0x00007ff80a479000 	/System/Library/PrivateFrameworks/CoreAutoLayout.framework/Versions/A/CoreAutoLayout
0x00007ff80b6a9000 	/System/Library/Frameworks/Metal.framework/Versions/A/Metal
0x00007ff80c3d7000 	/usr/lib/liblangid.dylib
0x00007ff80bd56000 	/System/Library/PrivateFrameworks/CoreSVG.framework/Versions/A/CoreSVG
0x00007ff807ccf000 	/System/Library/PrivateFrameworks/SkyLight.framework/Versions/A/SkyLight
0x00007ff80806e000 	/System/Library/Frameworks/CoreGraphics.framework/Versions/A/CoreGraphics
0x00007ff814134000 	/System/Library/Frameworks/Accelerate.framework/Versions/A/Accelerate
0x00007ff80e765000 	/System/Library/PrivateFrameworks/IconServices.framework/Versions/A/IconServices
0x00007ff80b68e000 	/System/Library/Frameworks/IOSurface.framework/Versions/A/IOSurface
0x00007ff8096db000 	/usr/lib/libDiagnosticMessagesClient.dylib
0x00007ff817822000 	/System/Library/Frameworks/ApplicationServices.framework/Versions/A/ApplicationServices
0x00007ff80bd3d000 	/System/Library/PrivateFrameworks/DFRFoundation.framework/Versions/A/DFRFoundation
0x00007ff8050ae000 	/usr/lib/libicucore.A.dylib
0x00007ff810700000 	/System/Library/Frameworks/AudioToolbox.framework/Versions/A/AudioToolbox
0x00007ff80f916000 	/System/Library/PrivateFrameworks/DataDetectorsCore.framework/Versions/A/DataDetectorsCore
0x00007ff90be17000 	/System/Library/PrivateFrameworks/TextInput.framework/Versions/A/TextInput
0x00007ff807c52000 	/usr/lib/libMobileGestalt.dylib
0x00007ff80ba49000 	/System/Library/Frameworks/Carbon.framework/Versions/A/Frameworks/HIToolbox.framework/Versions/A/HIToolbox
0x00007ff809e78000 	/System/Library/Frameworks/QuartzCore.framework/Versions/A/QuartzCore
0x00007ff804d53000 	/System/Library/Frameworks/Security.framework/Versions/A/Security
0x00007ff813aac000 	/System/Library/Frameworks/Carbon.framework/Versions/A/Frameworks/SpeechRecognition.framework/Versions/A/SpeechRecognition
0x00007ff80a1d6000 	/System/Library/PrivateFrameworks/CoreUI.framework/Versions/A/CoreUI
0x00007ff80461d000 	/System/Library/Frameworks/CoreAudio.framework/Versions/A/CoreAudio
0x00007ff8097ca000 	/System/Library/Frameworks/DiskArbitration.framework/Versions/A/DiskArbitration
0x00007ff80f0d6000 	/System/Library/PrivateFrameworks/MultitouchSupport.framework/Versions/A/MultitouchSupport
0x00007ff807c51000 	/usr/lib/libenergytrace.dylib
0x00007ff8056b2000 	/System/Library/Frameworks/IOKit.framework/Versions/A/IOKit
0x00007ff813e9c000 	/System/Library/Frameworks/CoreServices.framework/Versions/A/CoreServices
0x00007ff80a410000 	/System/Library/PrivateFrameworks/PerformanceAnalysis.framework/Versions/A/PerformanceAnalysis
0x00007ffa1baef000 	/System/Library/Frameworks/OpenGL.framework/Versions/A/OpenGL
0x00007ff80d039000 	/System/Library/PrivateFrameworks/MobileKeyBag.framework/Versions/A/MobileKeyBag
0x00007ff80873a000 	/System/Library/Frameworks/ColorSync.framework/Versions/A/ColorSync
0x00007ff802d4c000 	/System/Library/Frameworks/CoreFoundation.framework/Versions/A/CoreFoundation
0x00007ff80bfcd000 	/System/Library/Frameworks/CoreImage.framework/Versions/A/CoreImage
0x00007ff804431000 	/System/Library/Frameworks/CoreText.framework/Versions/A/CoreText
0x00007ff80bd86000 	/System/Library/Frameworks/ImageIO.framework/Versions/A/ImageIO
0x00007ff80db03000 	/System/Library/PrivateFrameworks/SoftLinking.framework/Versions/A/SoftLinking
0x00007ff80a4c1000 	/usr/lib/libxml2.2.dylib
0x00007ff80dd88000 	/usr/lib/libcompression.dylib
0x00007ff80f83d000 	/System/Library/PrivateFrameworks/TextureIO.framework/Versions/A/TextureIO
0x00007ff80e476000 	/usr/lib/libate.dylib
0x00007ff80e252000 	/usr/lib/liblzma.5.dylib
0x00007ff8038db000 	/System/Library/Frameworks/SystemConfiguration.framework/Versions/A/SystemConfiguration
0x00007ff80daff000 	/usr/lib/libfakelink.dylib
0x00007ff8077ac000 	/System/Library/Frameworks/CFNetwork.framework/Versions/A/CFNetwork
0x00007ff80dc40000 	/usr/lib/libarchive.2.dylib
0x00007ff80c3d3000 	/System/Library/PrivateFrameworks/AppleSystemInfo.framework/Versions/A/AppleSystemInfo
0x00007ff80d13a000 	/usr/lib/libbsm.0.dylib
0x00007ff806dbb000 	/usr/lib/libnetwork.dylib
0x00007ff80da98000 	/usr/lib/system/libkxld.dylib
0x00007ff80cd6d000 	/System/Library/PrivateFrameworks/IOMobileFramebuffer.framework/Versions/A/IOMobileFramebuffer
0x00007ffb1b4cd000 	/usr/lib/libCoreEntitlements.dylib
0x00007ff80d7ac000 	/System/Library/PrivateFrameworks/AppleFSCompression.framework/Versions/A/AppleFSCompression
0x00007ff80d122000 	/usr/lib/libcoretls.dylib
0x00007ff80e26c000 	/usr/lib/libcoretls_cfhelpers.dylib
0x00007ff80dd82000 	/usr/lib/libpam.2.dylib
0x00007ff80910c000 	/usr/lib/libsqlite3.dylib
0x00007ff80e2db000 	/usr/lib/libxar.1.dylib
0x00007ff80d7bc000 	/usr/lib/libbz2.1.0.dylib
0x00007ff80db04000 	/usr/lib/libpcap.A.dylib
0x00007ff8094e5000 	/usr/lib/libdns_services.dylib
0x00007ff80dd52000 	/usr/lib/libapple_nghttp2.dylib
0x00007ff80db3e000 	/usr/lib/libiconv.2.dylib
0x00007ff80da91000 	/usr/lib/libcharset.1.dylib
0x00007ff80a444000 	/System/Library/Frameworks/CoreServices.framework/Versions/A/Frameworks/FSEvents.framework/Versions/A/FSEvents
0x00007ff80534c000 	/System/Library/Frameworks/CoreServices.framework/Versions/A/Frameworks/CarbonCore.framework/Versions/A/CarbonCore
0x00007ff80972e000 	/System/Library/Frameworks/CoreServices.framework/Versions/A/Frameworks/Metadata.framework/Versions/A/Metadata
0x00007ff80d7cf000 	/System/Library/Frameworks/CoreServices.framework/Versions/A/Frameworks/OSServices.framework/Versions/A/OSServices
0x00007ff80dcc7000 	/System/Library/Frameworks/CoreServices.framework/Versions/A/Frameworks/SearchKit.framework/Versions/A/SearchKit
0x00007ff809477000 	/System/Library/Frameworks/CoreServices.framework/Versions/A/Frameworks/AE.framework/Versions/A/AE
0x00007ff80324f000 	/System/Library/Frameworks/CoreServices.framework/Versions/A/Frameworks/LaunchServices.framework/Versions/A/LaunchServices
0x00007ff80e203000 	/System/Library/Frameworks/CoreServices.framework/Versions/A/Frameworks/DictionaryServices.framework/Versions/A/DictionaryServices
0x00007ff80a451000 	/System/Library/Frameworks/CoreServices.framework/Versions/A/Frameworks/SharedFileList.framework/Versions/A/SharedFileList
0x00007ff80d116000 	/usr/lib/libCheckFix.dylib
0x00007ff807cb6000 	/System/Library/PrivateFrameworks/TCC.framework/Versions/A/TCC
0x00007ff80c3d9000 	/System/Library/PrivateFrameworks/CoreNLP.framework/Versions/A/CoreNLP
0x00007ff8096de000 	/System/Library/PrivateFrameworks/MetadataUtilities.framework/Versions/A/MetadataUtilities
0x00007ff80398c000 	/usr/lib/libmecabra.dylib
0x00007ff80d14a000 	/usr/lib/libmecab.dylib
0x00007ff803957000 	/usr/lib/libCRFSuite.dylib
0x00007ff80d1a4000 	/usr/lib/libgermantok.dylib
0x00007ff80dd2d000 	/usr/lib/libThaiTokenizer.dylib
0x00007ff8097d1000 	/System/Library/Frameworks/Accelerate.framework/Versions/A/Frameworks/vImage.framework/Versions/A/vImage
0x00007ff813e73000 	/System/Library/Frameworks/Accelerate.framework/Versions/A/Frameworks/vecLib.framework/Versions/A/vecLib
0x00007ff80e31c000 	/System/Library/Frameworks/Accelerate.framework/Versions/A/Frameworks/vecLib.framework/Versions/A/libvMisc.dylib
0x00007ff80cb98000 	/System/Library/Frameworks/Accelerate.framework/Versions/A/Frameworks/vecLib.framework/Versions/A/libvDSP.dylib
0x00007ff8035cb000 	/System/Library/Frameworks/Accelerate.framework/Versions/A/Frameworks/vecLib.framework/Versions/A/libBLAS.dylib
0x00007ff80de65000 	/System/Library/Frameworks/Accelerate.framework/Versions/A/Frameworks/vecLib.framework/Versions/A/libLAPACK.dylib
0x00007ff80d1a7000 	/System/Library/Frameworks/Accelerate.framework/Versions/A/Frameworks/vecLib.framework/Versions/A/libLinearAlgebra.dylib
0x00007ff80dd6a000 	/System/Library/Frameworks/Accelerate.framework/Versions/A/Frameworks/vecLib.framework/Versions/A/libSparseBLAS.dylib
0x00007ff80de5f000 	/System/Library/Frameworks/Accelerate.framework/Versions/A/Frameworks/vecLib.framework/Versions/A/libQuadrature.dylib
0x00007ff80c4c4000 	/System/Library/Frameworks/Accelerate.framework/Versions/A/Frameworks/vecLib.framework/Versions/A/libBNNS.dylib
0x00007ff803865000 	/System/Library/Frameworks/Accelerate.framework/Versions/A/Frameworks/vecLib.framework/Versions/A/libSparse.dylib
0x00007ff80c4bd000 	/System/Library/PrivateFrameworks/LinguisticData.framework/Versions/A/LinguisticData
0x00007ff80381b000 	/System/Library/PrivateFrameworks/Lexicon.framework/Versions/A/Lexicon
0x00007ff80e315000 	/usr/lib/libChineseTokenizer.dylib
0x00007ff803f86000 	/System/Library/PrivateFrameworks/LanguageModeling.framework/Versions/A/LanguageModeling
0x00007ff80dd2f000 	/System/Library/PrivateFrameworks/AppleSauce.framework/Versions/A/AppleSauce
0x00007ff80cd5b000 	/System/Library/PrivateFrameworks/CoreEmoji.framework/Versions/A/CoreEmoji
0x00007ff80dc2f000 	/usr/lib/libcmph.dylib
0x00007ff80a428000 	/System/Library/Frameworks/OpenDirectory.framework/Versions/A/Frameworks/CFOpenDirectory.framework/Versions/A/CFOpenDirectory
0x00007ff80a41c000 	/System/Library/Frameworks/OpenDirectory.framework/Versions/A/OpenDirectory
0x00007ff80e26e000 	/System/Library/PrivateFrameworks/APFS.framework/Versions/A/APFS
0x00007ff80d071000 	/System/Library/Frameworks/SecurityFoundation.framework/Versions/A/SecurityFoundation
0x00007ff80e2e9000 	/usr/lib/libutil.dylib
0x00007ff805676000 	/System/Library/PrivateFrameworks/CoreServicesStore.framework/Versions/A/CoreServicesStore
0x00007ff80e2ed000 	/usr/lib/libxslt.1.dylib
0x00007ff80d0fe000 	/System/Library/PrivateFrameworks/BackgroundTaskManagement.framework/Versions/A/BackgroundTaskManagement
0x00007ff80f75d000 	/System/Library/Frameworks/ImageIO.framework/Versions/A/Resources/libRadiance.dylib
0x00007ff80f766000 	/System/Library/Frameworks/ImageIO.framework/Versions/A/Resources/libJPEG.dylib
0x00007ff80f6b5000 	/System/Library/Frameworks/ImageIO.framework/Versions/A/Resources/libPng.dylib
0x00007ff80f6d6000 	/System/Library/Frameworks/ImageIO.framework/Versions/A/Resources/libTIFF.dylib
0x00007ff80f7c6000 	/System/Library/Frameworks/ImageIO.framework/Versions/A/Resources/libGIF.dylib
0x00007ff80eff0000 	/System/Library/Frameworks/ImageIO.framework/Versions/A/Resources/libJP2.dylib
0x00007ff80e72b000 	/usr/lib/libexpat.1.dylib
0x00007ff80efa5000 	/System/Library/PrivateFrameworks/AppleJPEG.framework/Versions/A/AppleJPEG
0x00007ff80b90e000 	/System/Library/PrivateFrameworks/FontServices.framework/libFontParser.dylib
0x00007ff809421000 	/System/Library/PrivateFrameworks/RunningBoardServices.framework/Versions/A/RunningBoardServices
0x00007ff81a139000 	/System/Library/PrivateFrameworks/IOSurfaceAccelerator.framework/Versions/A/IOSurfaceAccelerator
0x00007ff80f0d2000 	/System/Library/PrivateFrameworks/WatchdogClient.framework/Versions/A/WatchdogClient
0x00007ff804074000 	/System/Library/Frameworks/CoreDisplay.framework/Versions/A/CoreDisplay
0x00007ff80b80c000 	/System/Library/Frameworks/CoreMedia.framework/Versions/A/CoreMedia
0x00007ff80b6a0000 	/System/Library/PrivateFrameworks/IOAccelerator.framework/Versions/A/IOAccelerator
0x00007ff80a5a5000 	/System/Library/Frameworks/CoreVideo.framework/Versions/A/CoreVideo
0x00007ff80dd80000 	/System/Library/Frameworks/MetalPerformanceShaders.framework/Versions/A/MetalPerformanceShaders
0x00007ff80f10f000 	/System/Library/Frameworks/VideoToolbox.framework/Versions/A/VideoToolbox
0x00007ff80936b000 	/System/Library/PrivateFrameworks/BaseBoard.framework/Versions/A/BaseBoard
0x00007ff8090f2000 	/System/Library/PrivateFrameworks/ProtocolBuffer.framework/Versions/A/ProtocolBuffer
0x00007ff80f756000 	/System/Library/PrivateFrameworks/GPUWrangler.framework/Versions/A/GPUWrangler
0x00007ff80f73a000 	/System/Library/PrivateFrameworks/IOPresentment.framework/Versions/A/IOPresentment
0x00007ff80f760000 	/System/Library/PrivateFrameworks/DSExternalDisplay.framework/Versions/A/DSExternalDisplay
0x00007ffa1bae3000 	/System/Library/Frameworks/OpenGL.framework/Versions/A/Libraries/libCoreFSCache.dylib
0x00007ffb08bbc000 	/System/Library/PrivateFrameworks/GPUCompiler.framework/Versions/31001/Libraries/libGPUCompilerUtils.dylib
0x00007ff80f7cb000 	/System/Library/PrivateFrameworks/CMCaptureCore.framework/Versions/A/CMCaptureCore
0x00007ff80ecd4000 	/System/Library/PrivateFrameworks/AppServerSupport.framework/Versions/A/AppServerSupport
0x00007ff810f99000 	/System/Library/PrivateFrameworks/perfdata.framework/Versions/A/perfdata
0x00007ff8041a0000 	/System/Library/PrivateFrameworks/AudioToolboxCore.framework/Versions/A/AudioToolboxCore
0x00007ff80b7ea000 	/System/Library/PrivateFrameworks/caulk.framework/Versions/A/caulk
0x00007ff8108ab000 	/usr/lib/libAudioStatistics.dylib
0x00007ff9085a1000 	/System/Library/PrivateFrameworks/SystemPolicy.framework/Versions/A/SystemPolicy
0x00007ff810b06000 	/usr/lib/libSMC.dylib
0x00007ff819a31000 	/System/Library/Frameworks/CoreMIDI.framework/Versions/A/CoreMIDI
0x00007ff80f684000 	/usr/lib/libAudioToolboxUtility.dylib
0x00007ff9047c9000 	/System/Library/PrivateFrameworks/OSAServicesClient.framework/Versions/A/OSAServicesClient
0x00007ff810fa6000 	/usr/lib/libperfcheck.dylib
0x00007ff909052000 	/usr/lib/libmis.dylib
0x00007ffa1bb3e000 	/System/Library/Frameworks/OpenGL.framework/Versions/A/Libraries/libGLU.dylib
0x00007ffa1bb02000 	/System/Library/Frameworks/OpenGL.framework/Versions/A/Libraries/libGFXShared.dylib
0x00007ffa1bd0b000 	/System/Library/Frameworks/OpenGL.framework/Versions/A/Libraries/libGL.dylib
0x00007ffa1bb0b000 	/System/Library/Frameworks/OpenGL.framework/Versions/A/Libraries/libGLImage.dylib
0x00007ffa1baff000 	/System/Library/Frameworks/OpenGL.framework/Versions/A/Libraries/libCVMSPluginSupport.dylib
0x00007ffa1baea000 	/System/Library/Frameworks/OpenGL.framework/Versions/A/Libraries/libCoreVMClient.dylib
0x00007ff80c355000 	/System/Library/Frameworks/MetalPerformanceShaders.framework/Versions/A/Frameworks/MPSCore.framework/Versions/A/MPSCore
0x00007ff80d717000 	/System/Library/Frameworks/MetalPerformanceShaders.framework/Versions/A/Frameworks/MPSImage.framework/Versions/A/MPSImage
0x00007ff80d1bd000 	/System/Library/Frameworks/MetalPerformanceShaders.framework/Versions/A/Frameworks/MPSNeuralNetwork.framework/Versions/A/MPSNeuralNetwork
0x00007ff80d631000 	/System/Library/Frameworks/MetalPerformanceShaders.framework/Versions/A/Frameworks/MPSMatrix.framework/Versions/A/MPSMatrix
0x00007ff80d3ec000 	/System/Library/Frameworks/MetalPerformanceShaders.framework/Versions/A/Frameworks/MPSRayIntersector.framework/Versions/A/MPSRayIntersector
0x00007ff80d669000 	/System/Library/Frameworks/MetalPerformanceShaders.framework/Versions/A/Frameworks/MPSNDArray.framework/Versions/A/MPSNDArray
0x00007ffa215c3000 	/System/Library/Frameworks/MetalPerformanceShaders.framework/Versions/A/Frameworks/MPSFunctions.framework/Versions/A/MPSFunctions
0x00007ff8034a7000 	/System/Library/PrivateFrameworks/MetalTools.framework/Versions/A/MetalTools
0x00007ff80c3d1000 	/System/Library/PrivateFrameworks/AggregateDictionary.framework/Versions/A/AggregateDictionary
0x00007ff80e50d000 	/usr/lib/libIOReport.dylib
0x00007ffa1d11a000 	/System/Library/Frameworks/OpenCL.framework/Versions/A/OpenCL
0x00007ff80e872000 	/System/Library/PrivateFrameworks/FaceCore.framework/Versions/A/FaceCore
0x00007ff80e863000 	/System/Library/PrivateFrameworks/GraphVisualizer.framework/Versions/A/GraphVisualizer
0x00007ffb08ac7000 	/System/Library/PrivateFrameworks/FontServices.framework/Versions/A/FontServices
0x00007ff80ec8c000 	/System/Library/PrivateFrameworks/OTSVG.framework/Versions/A/OTSVG
0x00007ff80a18b000 	/System/Library/Frameworks/ApplicationServices.framework/Versions/A/Frameworks/ATS.framework/Versions/A/Resources/libFontRegistry.dylib
0x00007ff80ecdc000 	/System/Library/PrivateFrameworks/FontServices.framework/libhvf.dylib
0x00007ffb08ac8000 	/System/Library/PrivateFrameworks/FontServices.framework/libXTFontStaticRegistryData.dylib
0x00007ff80e6db000 	/System/Library/PrivateFrameworks/AppleVA.framework/Versions/A/AppleVA
0x00007ff8108cb000 	/System/Library/Frameworks/ApplicationServices.framework/Versions/A/Frameworks/ATS.framework/Versions/A/ATS
0x00007ff808838000 	/System/Library/Frameworks/ApplicationServices.framework/Versions/A/Frameworks/HIServices.framework/Versions/A/HIServices
0x00007ff80f7d5000 	/System/Library/Frameworks/ApplicationServices.framework/Versions/A/Frameworks/PrintCore.framework/Versions/A/PrintCore
0x00007ff810c59000 	/System/Library/Frameworks/ApplicationServices.framework/Versions/A/Frameworks/QD.framework/Versions/A/QD
0x00007ff810c51000 	/System/Library/Frameworks/ApplicationServices.framework/Versions/A/Frameworks/ColorSyncLegacy.framework/Versions/A/ColorSyncLegacy
0x00007ff8108bb000 	/System/Library/Frameworks/ApplicationServices.framework/Versions/A/Frameworks/SpeechSynthesis.framework/Versions/A/SpeechSynthesis
0x00007ff80f796000 	/System/Library/Frameworks/ApplicationServices.framework/Versions/A/Frameworks/ATSUI.framework/Versions/A/ATSUI
0x00007ff810be6000 	/usr/lib/libcups.2.dylib
0x00007ff810fb5000 	/System/Library/Frameworks/Kerberos.framework/Versions/A/Kerberos
0x00007ff810fc4000 	/System/Library/Frameworks/GSS.framework/Versions/A/GSS
0x00007ff810937000 	/usr/lib/libresolv.9.dylib
0x00007ff80eceb000 	/System/Library/PrivateFrameworks/Heimdal.framework/Versions/A/Heimdal
0x00007ff817bb4000 	/System/Library/Frameworks/Kerberos.framework/Versions/A/Libraries/libHeimdalProxy.dylib
0x00007ff8094f5000 	/System/Library/Frameworks/Network.framework/Versions/A/Network
0x00007ff80e746000 	/usr/lib/libheimdal-asn1.dylib
0x00007ff81100f000 	/System/Library/PrivateFrameworks/CommonAuth.framework/Versions/A/CommonAuth
0x00007ff81083d000 	/System/Library/PrivateFrameworks/AudioSession.framework/Versions/A/AudioSession
0x00007ff80e7d6000 	/System/Library/PrivateFrameworks/MediaExperience.framework/Versions/A/MediaExperience
0x00007ff8106cf000 	/System/Library/PrivateFrameworks/AudioSession.framework/libSessionUtility.dylib
0x00007ff810c65000 	/System/Library/PrivateFrameworks/AudioResourceArbitration.framework/Versions/A/AudioResourceArbitration
0x00007ff814ce6000 	/System/Library/PrivateFrameworks/PowerLog.framework/Versions/A/PowerLog
0x00007ff80e74f000 	/System/Library/PrivateFrameworks/IconFoundation.framework/Versions/A/IconFoundation
0x00007ff813a9c000 	/System/Library/PrivateFrameworks/SpeechRecognitionCore.framework/Versions/A/SpeechRecognitionCore
0x000000010f19b000 	/Library/Java/JavaVirtualMachines/jdk-21.jdk/Contents/Home/lib/server/libjvm.dylib
0x000000010df83000 	/Library/Java/JavaVirtualMachines/jdk-21.jdk/Contents/Home/lib/libjimage.dylib
0x000000010dffd000 	/Library/Java/JavaVirtualMachines/jdk-21.jdk/Contents/Home/lib/libjava.dylib
0x000000010ea5f000 	/Library/Java/JavaVirtualMachines/jdk-21.jdk/Contents/Home/lib/libnio.dylib
0x000000010ea7b000 	/Library/Java/JavaVirtualMachines/jdk-21.jdk/Contents/Home/lib/libnet.dylib
0x000000010ea8f000 	/Library/Java/JavaVirtualMachines/jdk-21.jdk/Contents/Home/lib/libzip.dylib
0x000000010eb42000 	/Library/Java/JavaVirtualMachines/jdk-21.jdk/Contents/Home/lib/libawt.dylib
0x000000010ec02000 	/Library/Java/JavaVirtualMachines/jdk-21.jdk/Contents/Home/lib/libmlib_image.dylib
0x00007ffa2152c000 	/System/Library/Frameworks/JavaRuntimeSupport.framework/Versions/A/JavaRuntimeSupport
0x00007ff9080c5000 	/System/Library/Frameworks/Carbon.framework/Versions/A/Carbon
0x00007ff815f61000 	/System/Library/PrivateFrameworks/CoreSymbolication.framework/Versions/A/CoreSymbolication
0x00007ff81b4d0000 	/System/Library/Frameworks/Carbon.framework/Versions/A/Frameworks/CommonPanels.framework/Versions/A/CommonPanels
0x00007ff817596000 	/System/Library/Frameworks/Carbon.framework/Versions/A/Frameworks/Help.framework/Versions/A/Help
0x00007ff81b4d4000 	/System/Library/Frameworks/Carbon.framework/Versions/A/Frameworks/ImageCapture.framework/Versions/A/ImageCapture
0x00007ff81b4a4000 	/System/Library/Frameworks/Carbon.framework/Versions/A/Frameworks/OpenScripting.framework/Versions/A/OpenScripting
0x00007ff81b4cc000 	/System/Library/Frameworks/Carbon.framework/Versions/A/Frameworks/Ink.framework/Versions/A/Ink
0x00007ff9080c1000 	/System/Library/Frameworks/Carbon.framework/Versions/A/Frameworks/Print.framework/Versions/A/Print
0x00007ff81b4c8000 	/System/Library/Frameworks/Carbon.framework/Versions/A/Frameworks/SecurityHI.framework/Versions/A/SecurityHI
0x00007ff815f26000 	/System/Library/PrivateFrameworks/DebugSymbols.framework/Versions/A/DebugSymbols
0x000000010edca000 	/Library/Java/JavaVirtualMachines/jdk-21.jdk/Contents/Home/lib/libawt_lwawt.dylib
0x000000010eac8000 	/Library/Java/JavaVirtualMachines/jdk-21.jdk/Contents/Home/lib/libosxapp.dylib
0x00007ff90738f000 	/System/Library/Frameworks/ExceptionHandling.framework/Versions/A/ExceptionHandling
0x0000000116121000 	/Library/Java/JavaVirtualMachines/jdk-21.jdk/Contents/Home/lib/libfontmanager.dylib
0x000000010eefa000 	/Library/Java/JavaVirtualMachines/jdk-21.jdk/Contents/Home/lib/libfreetype.dylib
0x00007ff805638000 	/System/Library/PrivateFrameworks/CoreServicesInternal.framework/Versions/A/CoreServicesInternal
0x00007ff8152d7000 	/System/Library/Frameworks/FileProvider.framework/Versions/A/FileProvider
0x00007ff8092d8000 	/System/Library/Frameworks/Accounts.framework/Versions/A/Accounts
0x00007ff815450000 	/System/Library/PrivateFrameworks/GenerationalStorage.framework/Versions/A/GenerationalStorage
0x00007ff814cdb000 	/System/Library/PrivateFrameworks/SymptomDiagnosticReporter.framework/Versions/A/SymptomDiagnosticReporter
0x00007ff8068f9000 	/System/Library/PrivateFrameworks/DesktopServicesPriv.framework/Versions/A/DesktopServicesPriv
0x00007ff805777000 	/usr/lib/libsandbox.1.dylib
0x00007ff80a624000 	/System/Library/PrivateFrameworks/UserManagement.framework/Versions/A/UserManagement
0x00007ff810c46000 	/System/Library/PrivateFrameworks/NetAuth.framework/Versions/A/NetAuth
0x00007ff811b55000 	/System/Library/PrivateFrameworks/Sharing.framework/Versions/A/Sharing
0x00007ff80a5f7000 	/System/Library/PrivateFrameworks/login.framework/Versions/A/Frameworks/loginsupport.framework/Versions/A/loginsupport
0x00007ff8170c4000 	/System/Library/PrivateFrameworks/Apple80211.framework/Versions/A/Apple80211
0x00007ff80d7fc000 	/System/Library/PrivateFrameworks/AuthKit.framework/Versions/A/AuthKit
0x00007ff80ce51000 	/System/Library/PrivateFrameworks/CoreUtils.framework/Versions/A/CoreUtils
0x00007ff80cd78000 	/System/Library/Frameworks/CoreWLAN.framework/Versions/A/CoreWLAN
0x00007ff811cb4000 	/System/Library/Frameworks/IOBluetooth.framework/Versions/A/IOBluetooth
0x00007ff81712c000 	/System/Library/PrivateFrameworks/CoreWiFi.framework/Versions/A/CoreWiFi
0x00007ff815afa000 	/System/Library/PrivateFrameworks/FrontBoardServices.framework/Versions/A/FrontBoardServices
0x00007ff815b8b000 	/System/Library/PrivateFrameworks/BoardServices.framework/Versions/A/BoardServices
0x00007ff80d060000 	/System/Library/PrivateFrameworks/AssertionServices.framework/Versions/A/AssertionServices
0x00007ff8172af000 	/System/Library/PrivateFrameworks/BackBoardServices.framework/Versions/A/BackBoardServices
0x00007ff8110a0000 	/System/Library/PrivateFrameworks/CorePhoneNumbers.framework/Versions/A/CorePhoneNumbers
0x00007ff810964000 	/System/Library/PrivateFrameworks/MultiverseSupport.framework/Versions/A/MultiverseSupport
0x00007ff817523000 	/System/Library/PrivateFrameworks/RemoteServiceDiscovery.framework/Versions/A/RemoteServiceDiscovery
0x00007ff814df8000 	/System/Library/PrivateFrameworks/DiskManagement.framework/Versions/A/DiskManagement
0x00007ff814d0c000 	/System/Library/PrivateFrameworks/AppleIDAuthSupport.framework/Versions/A/AppleIDAuthSupport
0x00007ffb03442000 	/System/Library/PrivateFrameworks/AAAFoundation.framework/Versions/A/AAAFoundation
0x00007ff811081000 	/System/Library/PrivateFrameworks/KeychainCircle.framework/Versions/A/KeychainCircle
0x00007ff817533000 	/System/Library/PrivateFrameworks/RemoteXPC.framework/Versions/A/RemoteXPC
0x00007ff814dc4000 	/System/Library/PrivateFrameworks/MediaKit.framework/Versions/A/MediaKit
0x00007ff814d18000 	/System/Library/Frameworks/DiscRecording.framework/Versions/A/DiscRecording
0x00007ff80e653000 	/usr/lib/libCoreStorage.dylib
0x00007ff81759e000 	/usr/lib/libcsfde.dylib
0x00007ff811d81000 	/System/Library/PrivateFrameworks/ProtectedCloudStorage.framework/Versions/A/ProtectedCloudStorage
0x00007ff81759a000 	/System/Library/PrivateFrameworks/EFILogin.framework/Versions/A/EFILogin
0x00007ff815476000 	/System/Library/PrivateFrameworks/OctagonTrust.framework/Versions/A/OctagonTrust
0x00007ffb07d2a000 	/System/Library/PrivateFrameworks/CoreUtilsExtras.framework/Versions/A/CoreUtilsExtras
0x00007ff814c3f000 	/System/Library/Frameworks/CoreBluetooth.framework/Versions/A/CoreBluetooth
0x00007ff817c39000 	/System/Library/Frameworks/AudioUnit.framework/Versions/A/AudioUnit
0x00007ff80e64b000 	/usr/lib/libMatch.1.dylib
0x00007ff90fe4d000 	/System/Library/CoreServices/RawCamera.bundle/Contents/MacOS/RawCamera
0x00007ff81101f000 	/System/Library/PrivateFrameworks/MobileAsset.framework/Versions/A/MobileAsset
0x00007ff817c60000 	/System/Library/PrivateFrameworks/StreamingZip.framework/Versions/A/StreamingZip
0x00007ffb0501e000 	/System/Library/PrivateFrameworks/CMPhoto.framework/Versions/A/CMPhoto
0x00007ff815dfc000 	/System/Library/PrivateFrameworks/AppleVPA.framework/Versions/A/AppleVPA
0x00007ff80f9ff000 	/System/Library/Frameworks/MediaToolbox.framework/Versions/A/MediaToolbox
0x00007ff8152a7000 	/System/Library/PrivateFrameworks/CoreAVCHD.framework/Versions/A/CoreAVCHD
0x00007ff81417c000 	/System/Library/Frameworks/MediaAccessibility.framework/Versions/A/MediaAccessibility
0x00007ff8152a3000 	/System/Library/PrivateFrameworks/Mangrove.framework/Versions/A/Mangrove
0x00007ff814187000 	/System/Library/PrivateFrameworks/AlgosScoreFramework.framework/Versions/A/AlgosScoreFramework
0x00007ff814ee8000 	/System/Library/PrivateFrameworks/CoreAUC.framework/Versions/A/CoreAUC
0x00007ff90d676000 	/System/Library/Frameworks/Accelerate.framework/Versions/A/Frameworks/vImage.framework/Versions/A/Libraries/libCGInterfaces.dylib
0x000000010eda2000 	/usr/lib/libobjc-trampolines.dylib
0x00007ff80a31c000 	/System/Library/PrivateFrameworks/ViewBridge.framework/Versions/A/ViewBridge
0x00007ffa12eef000 	/System/Library/Extensions/AppleIntelBDWGraphicsMTLDriver.bundle/Contents/MacOS/AppleIntelBDWGraphicsMTLDriver
0x00007ff90906d000 	/System/Library/PrivateFrameworks/GPURawCounter.framework/Versions/A/GPURawCounter
0x0000000116482000 	/Library/Java/JavaVirtualMachines/jdk-21.jdk/Contents/Home/lib/libosxui.dylib
0x0000000116496000 	/Library/Java/JavaVirtualMachines/jdk-21.jdk/Contents/Home/lib/libextnet.dylib
0x00000001164e7000 	/Library/Java/JavaVirtualMachines/jdk-21.jdk/Contents/Home/lib/libjavajpeg.dylib
0x00007ffb1b5bc000 	/usr/lib/libRosetta.dylib
0x00007ff80eda3000 	/System/Library/PrivateFrameworks/login.framework/Versions/A/login


VM Arguments:
jvm_args: -Dfile.encoding=UTF-8 --module-path=/Users/raani/Desktop/java_mini_project/RV Hotel Management/build/classes 
java_command: rv.hotel.management.Checkout
java_class_path (initial): /Users/raani/mysql-connector-java-8.0.28 (2).jar:/Users/raani/mysql-connector-j-8.1.0.jar:/Users/raani/rs2xml.jar:/Users/raani/Desktop/java_mini_project/RV Hotel Management/build/classes
Launcher Type: SUN_STANDARD

[Global flags]
     intx CICompilerCount                          = 3                                         {product} {ergonomic}
     uint ConcGCThreads                            = 1                                         {product} {ergonomic}
     uint G1ConcRefinementThreads                  = 4                                         {product} {ergonomic}
   size_t G1HeapRegionSize                         = 1048576                                   {product} {ergonomic}
    uintx GCDrainStackTargetSize                   = 64                                        {product} {ergonomic}
   size_t InitialHeapSize                          = 134217728                                 {product} {ergonomic}
   size_t MarkStackSize                            = 4194304                                   {product} {ergonomic}
   size_t MaxHeapSize                              = 2147483648                                {product} {ergonomic}
   size_t MaxNewSize                               = 1287651328                                {product} {ergonomic}
   size_t MinHeapDeltaBytes                        = 1048576                                   {product} {ergonomic}
   size_t MinHeapSize                              = 8388608                                   {product} {ergonomic}
    uintx NonNMethodCodeHeapSize                   = 5832780                                {pd product} {ergonomic}
    uintx NonProfiledCodeHeapSize                  = 122912730                              {pd product} {ergonomic}
    uintx ProfiledCodeHeapSize                     = 122912730                              {pd product} {ergonomic}
    uintx ReservedCodeCacheSize                    = 251658240                              {pd product} {ergonomic}
     bool SegmentedCodeCache                       = true                                      {product} {ergonomic}
   size_t SoftMaxHeapSize                          = 2147483648                             {manageable} {ergonomic}
     bool UseCompressedOops                        = true                           {product lp64_product} {ergonomic}
     bool UseG1GC                                  = true                                      {product} {ergonomic}
     bool UseNUMA                                  = false                                     {product} {ergonomic}
     bool UseNUMAInterleaving                      = false                                     {product} {ergonomic}

Logging:
Log output configuration:
 #0: stdout all=warning uptime,level,tags foldmultilines=false
 #1: stderr all=off uptime,level,tags foldmultilines=false

Environment Variables:
PATH=/usr/bin:/bin:/usr/sbin:/sbin
SHELL=/bin/zsh
LC_CTYPE=UTF-8
TMPDIR=/var/folders/29/813lslsd3_q5d70wf2hdsx_c0000gp/T/

Active Locale:
LC_ALL=C/UTF-8/C/C/C/C
LC_COLLATE=C
LC_CTYPE=UTF-8
LC_MESSAGES=C
LC_MONETARY=C
LC_NUMERIC=C
LC_TIME=C

Signal Handlers:
   SIGSEGV: crash_handler in libjvm.dylib, mask=11100110000111110111111111111111, flags=SA_ONSTACK|SA_RESTART|SA_SIGINFO, unblocked
    SIGBUS: crash_handler in libjvm.dylib, mask=11100110000111110111111111111111, flags=SA_RESTART|SA_SIGINFO, unblocked
    SIGFPE: crash_handler in libjvm.dylib, mask=11100110000111110111111111111111, flags=SA_RESTART|SA_SIGINFO, unblocked
   SIGPIPE: javaSignalHandler in libjvm.dylib, mask=11100110000111110111111111111111, flags=SA_RESTART|SA_SIGINFO, blocked
   SIGXFSZ: javaSignalHandler in libjvm.dylib, mask=11100110000111110111111111111111, flags=SA_RESTART|SA_SIGINFO, blocked
    SIGILL: crash_handler in libjvm.dylib, mask=11100110000111110111111111111111, flags=SA_RESTART|SA_SIGINFO, unblocked
   SIGUSR2: SR_handler in libjvm.dylib, mask=00000000000000000000000000000000, flags=SA_RESTART|SA_SIGINFO, blocked
    SIGHUP: UserHandler in libjvm.dylib, mask=11100110000111110111111111111111, flags=SA_RESTART|SA_SIGINFO, blocked
    SIGINT: SIG_IGN, mask=00000000000000000000000000000000, flags=none, blocked
   SIGTERM: UserHandler in libjvm.dylib, mask=11100110000111110111111111111111, flags=SA_RESTART|SA_SIGINFO, blocked
   SIGQUIT: UserHandler in libjvm.dylib, mask=11100110000111110111111111111111, flags=SA_RESTART|SA_SIGINFO, blocked
   SIGTRAP: crash_handler in libjvm.dylib, mask=11100110000111110111111111111111, flags=SA_RESTART|SA_SIGINFO, unblocked


---------------  S Y S T E M  ---------------

OS:
uname: Darwin 21.6.0 Darwin Kernel Version 21.6.0: Thu Jul  6 22:18:26 PDT 2023; root:xnu-8020.240.18.702.13~1/RELEASE_X86_64 x86_64
OS uptime: 16 days 22:39 hours
rlimit (soft/hard): STACK 8192k/65532k , CORE 0k/infinity , NPROC 1392/2088 , NOFILE 10240/infinity , AS infinity/infinity , CPU infinity/infinity , DATA infinity/infinity , FSIZE infinity/infinity , MEMLOCK infinity/infinity , RSS infinity/infinity
load average: 11.07 7.55 6.83

CPU: total 4 (initial active 4) (2 cores per cpu, 2 threads per core) family 6 model 61 stepping 4 microcode 0x2f, cx8, cmov, fxsr, ht, mmx, 3dnowpref, sse, sse2, sse3, ssse3, sse4.1, sse4.2, popcnt, lzcnt, tsc, tscinvbit, avx, avx2, aes, erms, clmul, bmi1, bmi2, rtm, adx, fma, vzeroupper, clflush, rdtscp, f16c
machdep.cpu.brand_string:Intel(R) Core(TM) i5-5350U CPU @ 1.80GHz
hw.cpufrequency:1800000000
hw.cpufrequency_min:1800000000
hw.cpufrequency_max:1800000000
hw.cachelinesize:64
hw.l1icachesize:32768
hw.l1dcachesize:32768
hw.l2cachesize:262144
hw.l3cachesize:3145728

Memory: 4k page, physical 8388608k(26844k free), swap 6291456k(471552k free)

vm_info: Java HotSpot(TM) 64-Bit Server VM (21+35-LTS-2513) for bsd-amd64 JRE (21+35-LTS-2513), built on 2023-08-09T20:25:10Z by "mach5one" with clang Apple LLVM 12.0.0 (clang-1200.0.32.29)

END.
